<?xml version="1.0" encoding="utf-8"?>
<CoverageSession xmlns:xsd="http://www.w3.org/2001/XMLSchema" xmlns:xsi="http://www.w3.org/2001/XMLSchema-instance" Version="4.6.0.0">
  <Summary numSequencePoints="1432" visitedSequencePoints="44" numBranchPoints="399" visitedBranchPoints="15" sequenceCoverage="3.07" branchCoverage="3.76" maxCyclomaticComplexity="19" minCyclomaticComplexity="1" maxCrapScore="380" minCrapScore="1" visitedClasses="4" numClasses="14" visitedMethods="6" numMethods="79" />
  <Modules>
    <Module hash="C4-2A-0F-6F-86-DC-DB-28-DB-5F-EA-E5-BC-09-C9-8C-D6-0E-29-E2">
      <Summary numSequencePoints="1432" visitedSequencePoints="44" numBranchPoints="399" visitedBranchPoints="15" sequenceCoverage="3.07" branchCoverage="3.76" maxCyclomaticComplexity="19" minCyclomaticComplexity="1" maxCrapScore="380" minCrapScore="1" visitedClasses="4" numClasses="14" visitedMethods="6" numMethods="79" />
      <ModulePath>C:\Users\Saad09\Documents\Visual Studio 2015\Projects\SoftwareTesting\FYP1-Module1-Version1.1\FYP1-Module1-Version1.1\bin\FYP1-Module1-Version1.1.dll</ModulePath>
      <ModuleTime>2018-03-26T19:07:35.5791377Z</ModuleTime>
      <ModuleName>FYP1-Module1-Version1.1</ModuleName>
      <Files>
        <File uid="1" fullPath="C:\Users\Saad09\Documents\Visual Studio 2015\Projects\SoftwareTesting\FYP1-Module1-Version1.1\FYP1-Module1-Version1.1\App_Start\BundleConfig.cs" />
        <File uid="2" fullPath="C:\Users\Saad09\Documents\Visual Studio 2015\Projects\SoftwareTesting\FYP1-Module1-Version1.1\FYP1-Module1-Version1.1\App_Start\FilterConfig.cs" />
        <File uid="3" fullPath="C:\Users\Saad09\Documents\Visual Studio 2015\Projects\SoftwareTesting\FYP1-Module1-Version1.1\FYP1-Module1-Version1.1\App_Start\RouteConfig.cs" />
        <File uid="4" fullPath="C:\Users\Saad09\Documents\Visual Studio 2015\Projects\SoftwareTesting\FYP1-Module1-Version1.1\FYP1-Module1-Version1.1\Global.asax.cs" />
        <File uid="5" fullPath="C:\Users\Saad09\Documents\Visual Studio 2015\Projects\SoftwareTesting\FYP1-Module1-Version1.1\FYP1-Module1-Version1.1\Models\Alert.cs" />
        <File uid="6" fullPath="C:\Users\Saad09\Documents\Visual Studio 2015\Projects\SoftwareTesting\FYP1-Module1-Version1.1\FYP1-Module1-Version1.1\Models\ChatModel.cs" />
        <File uid="7" fullPath="C:\Users\Saad09\Documents\Visual Studio 2015\Projects\SoftwareTesting\FYP1-Module1-Version1.1\FYP1-Module1-Version1.1\Models\conversation.cs" />
        <File uid="8" fullPath="C:\Users\Saad09\Documents\Visual Studio 2015\Projects\SoftwareTesting\FYP1-Module1-Version1.1\FYP1-Module1-Version1.1\Models\Database.Context.cs" />
        <File uid="9" fullPath="C:\Users\Saad09\Documents\Visual Studio 2015\Projects\SoftwareTesting\FYP1-Module1-Version1.1\FYP1-Module1-Version1.1\Models\fyp_group.cs" />
        <File uid="10" fullPath="C:\Users\Saad09\Documents\Visual Studio 2015\Projects\SoftwareTesting\FYP1-Module1-Version1.1\FYP1-Module1-Version1.1\Models\idea.cs" />
        <File uid="11" fullPath="C:\Users\Saad09\Documents\Visual Studio 2015\Projects\SoftwareTesting\FYP1-Module1-Version1.1\FYP1-Module1-Version1.1\Models\iteration.cs" />
        <File uid="12" fullPath="C:\Users\Saad09\Documents\Visual Studio 2015\Projects\SoftwareTesting\FYP1-Module1-Version1.1\FYP1-Module1-Version1.1\Models\IterationModel.cs" />
        <File uid="13" fullPath="C:\Users\Saad09\Documents\Visual Studio 2015\Projects\SoftwareTesting\FYP1-Module1-Version1.1\FYP1-Module1-Version1.1\Models\milestone.cs" />
        <File uid="14" fullPath="C:\Users\Saad09\Documents\Visual Studio 2015\Projects\SoftwareTesting\FYP1-Module1-Version1.1\FYP1-Module1-Version1.1\Models\notification.cs" />
        <File uid="15" fullPath="C:\Users\Saad09\Documents\Visual Studio 2015\Projects\SoftwareTesting\FYP1-Module1-Version1.1\FYP1-Module1-Version1.1\Models\registration.cs" />
        <File uid="16" fullPath="C:\Users\Saad09\Documents\Visual Studio 2015\Projects\SoftwareTesting\FYP1-Module1-Version1.1\FYP1-Module1-Version1.1\Models\student.cs" />
        <File uid="17" fullPath="C:\Users\Saad09\Documents\Visual Studio 2015\Projects\SoftwareTesting\FYP1-Module1-Version1.1\FYP1-Module1-Version1.1\Models\teacher.cs" />
        <File uid="18" fullPath="C:\Users\Saad09\Documents\Visual Studio 2015\Projects\SoftwareTesting\FYP1-Module1-Version1.1\FYP1-Module1-Version1.1\Models\ViewModel.cs" />
        <File uid="19" fullPath="C:\Users\Saad09\Documents\Visual Studio 2015\Projects\SoftwareTesting\FYP1-Module1-Version1.1\FYP1-Module1-Version1.1\Controllers\HomeController.cs" />
        <File uid="20" fullPath="C:\Users\Saad09\Documents\Visual Studio 2015\Projects\SoftwareTesting\FYP1-Module1-Version1.1\FYP1-Module1-Version1.1\Controllers\Test1Controller.cs" />
        <File uid="21" fullPath="C:\Users\Saad09\Documents\Visual Studio 2015\Projects\SoftwareTesting\FYP1-Module1-Version1.1\FYP1-Module1-Version1.1\Controllers\TestController.cs" />
      </Files>
      <Classes>
        <Class>
          <Summary numSequencePoints="0" visitedSequencePoints="0" numBranchPoints="0" visitedBranchPoints="0" sequenceCoverage="0" branchCoverage="0" maxCyclomaticComplexity="10" minCyclomaticComplexity="1" maxCrapScore="110" minCrapScore="2" visitedClasses="0" numClasses="0" visitedMethods="0" numMethods="0" />
          <FullName>&lt;&gt;f__AnonymousType0`3</FullName>
          <Methods>
            <Method visited="false" cyclomaticComplexity="1" nPathComplexity="0" sequenceCoverage="0" branchCoverage="0" crapScore="2" isConstructor="false" isStatic="false" isGetter="true" isSetter="false">
              <Summary numSequencePoints="0" visitedSequencePoints="0" numBranchPoints="0" visitedBranchPoints="0" sequenceCoverage="0" branchCoverage="0" maxCyclomaticComplexity="1" minCyclomaticComplexity="1" maxCrapScore="2" minCrapScore="2" visitedClasses="0" numClasses="0" visitedMethods="0" numMethods="0" />
              <MetadataToken>100663297</MetadataToken>
              <Name>&lt;controller&gt;j__TPar &lt;&gt;f__AnonymousType0`3::get_controller()</Name>
              <SequencePoints />
              <BranchPoints />
              <MethodPoint vc="0" uspid="1" ordinal="0" offset="0" />
            </Method>
            <Method visited="false" cyclomaticComplexity="1" nPathComplexity="0" sequenceCoverage="0" branchCoverage="0" crapScore="2" isConstructor="false" isStatic="false" isGetter="true" isSetter="false">
              <Summary numSequencePoints="0" visitedSequencePoints="0" numBranchPoints="0" visitedBranchPoints="0" sequenceCoverage="0" branchCoverage="0" maxCyclomaticComplexity="1" minCyclomaticComplexity="1" maxCrapScore="2" minCrapScore="2" visitedClasses="0" numClasses="0" visitedMethods="0" numMethods="0" />
              <MetadataToken>100663298</MetadataToken>
              <Name>&lt;action&gt;j__TPar &lt;&gt;f__AnonymousType0`3::get_action()</Name>
              <SequencePoints />
              <BranchPoints />
              <MethodPoint vc="0" uspid="2" ordinal="0" offset="0" />
            </Method>
            <Method visited="false" cyclomaticComplexity="1" nPathComplexity="0" sequenceCoverage="0" branchCoverage="0" crapScore="2" isConstructor="false" isStatic="false" isGetter="true" isSetter="false">
              <Summary numSequencePoints="0" visitedSequencePoints="0" numBranchPoints="0" visitedBranchPoints="0" sequenceCoverage="0" branchCoverage="0" maxCyclomaticComplexity="1" minCyclomaticComplexity="1" maxCrapScore="2" minCrapScore="2" visitedClasses="0" numClasses="0" visitedMethods="0" numMethods="0" />
              <MetadataToken>100663299</MetadataToken>
              <Name>&lt;id&gt;j__TPar &lt;&gt;f__AnonymousType0`3::get_id()</Name>
              <SequencePoints />
              <BranchPoints />
              <MethodPoint vc="0" uspid="3" ordinal="0" offset="0" />
            </Method>
            <Method visited="false" cyclomaticComplexity="1" nPathComplexity="0" sequenceCoverage="0" branchCoverage="0" crapScore="2" isConstructor="true" isStatic="false" isGetter="false" isSetter="false">
              <Summary numSequencePoints="0" visitedSequencePoints="0" numBranchPoints="0" visitedBranchPoints="0" sequenceCoverage="0" branchCoverage="0" maxCyclomaticComplexity="1" minCyclomaticComplexity="1" maxCrapScore="2" minCrapScore="2" visitedClasses="0" numClasses="0" visitedMethods="0" numMethods="0" />
              <MetadataToken>100663300</MetadataToken>
              <Name>System.Void &lt;&gt;f__AnonymousType0`3::.ctor(&lt;controller&gt;j__TPar,&lt;action&gt;j__TPar,&lt;id&gt;j__TPar)</Name>
              <SequencePoints />
              <BranchPoints />
              <MethodPoint vc="0" uspid="4" ordinal="0" offset="0" />
            </Method>
            <Method visited="false" cyclomaticComplexity="4" nPathComplexity="0" sequenceCoverage="0" branchCoverage="0" crapScore="20" isConstructor="false" isStatic="false" isGetter="false" isSetter="false">
              <Summary numSequencePoints="0" visitedSequencePoints="0" numBranchPoints="0" visitedBranchPoints="0" sequenceCoverage="0" branchCoverage="0" maxCyclomaticComplexity="4" minCyclomaticComplexity="4" maxCrapScore="20" minCrapScore="20" visitedClasses="0" numClasses="0" visitedMethods="0" numMethods="0" />
              <MetadataToken>100663301</MetadataToken>
              <Name>System.Boolean &lt;&gt;f__AnonymousType0`3::Equals(System.Object)</Name>
              <SequencePoints />
              <BranchPoints />
              <MethodPoint vc="0" uspid="5" ordinal="0" offset="0" />
            </Method>
            <Method visited="false" cyclomaticComplexity="1" nPathComplexity="0" sequenceCoverage="0" branchCoverage="0" crapScore="2" isConstructor="false" isStatic="false" isGetter="false" isSetter="false">
              <Summary numSequencePoints="0" visitedSequencePoints="0" numBranchPoints="0" visitedBranchPoints="0" sequenceCoverage="0" branchCoverage="0" maxCyclomaticComplexity="1" minCyclomaticComplexity="1" maxCrapScore="2" minCrapScore="2" visitedClasses="0" numClasses="0" visitedMethods="0" numMethods="0" />
              <MetadataToken>100663302</MetadataToken>
              <Name>System.Int32 &lt;&gt;f__AnonymousType0`3::GetHashCode()</Name>
              <SequencePoints />
              <BranchPoints />
              <MethodPoint vc="0" uspid="6" ordinal="0" offset="0" />
            </Method>
            <Method visited="false" cyclomaticComplexity="10" nPathComplexity="0" sequenceCoverage="0" branchCoverage="0" crapScore="110" isConstructor="false" isStatic="false" isGetter="false" isSetter="false">
              <Summary numSequencePoints="0" visitedSequencePoints="0" numBranchPoints="0" visitedBranchPoints="0" sequenceCoverage="0" branchCoverage="0" maxCyclomaticComplexity="10" minCyclomaticComplexity="10" maxCrapScore="110" minCrapScore="110" visitedClasses="0" numClasses="0" visitedMethods="0" numMethods="0" />
              <MetadataToken>100663303</MetadataToken>
              <Name>System.String &lt;&gt;f__AnonymousType0`3::ToString()</Name>
              <SequencePoints />
              <BranchPoints />
              <MethodPoint vc="0" uspid="7" ordinal="0" offset="0" />
            </Method>
          </Methods>
        </Class>
        <Class>
          <Summary numSequencePoints="0" visitedSequencePoints="0" numBranchPoints="0" visitedBranchPoints="0" sequenceCoverage="0" branchCoverage="0" maxCyclomaticComplexity="4" minCyclomaticComplexity="1" maxCrapScore="20" minCrapScore="2" visitedClasses="0" numClasses="0" visitedMethods="0" numMethods="0" />
          <FullName>&lt;&gt;f__AnonymousType1`1</FullName>
          <Methods>
            <Method visited="false" cyclomaticComplexity="1" nPathComplexity="0" sequenceCoverage="0" branchCoverage="0" crapScore="2" isConstructor="false" isStatic="false" isGetter="true" isSetter="false">
              <Summary numSequencePoints="0" visitedSequencePoints="0" numBranchPoints="0" visitedBranchPoints="0" sequenceCoverage="0" branchCoverage="0" maxCyclomaticComplexity="1" minCyclomaticComplexity="1" maxCrapScore="2" minCrapScore="2" visitedClasses="0" numClasses="0" visitedMethods="0" numMethods="0" />
              <MetadataToken>100663304</MetadataToken>
              <Name>&lt;idRegistration&gt;j__TPar &lt;&gt;f__AnonymousType1`1::get_idRegistration()</Name>
              <SequencePoints />
              <BranchPoints />
              <MethodPoint vc="0" uspid="8" ordinal="0" offset="0" />
            </Method>
            <Method visited="false" cyclomaticComplexity="1" nPathComplexity="0" sequenceCoverage="0" branchCoverage="0" crapScore="2" isConstructor="true" isStatic="false" isGetter="false" isSetter="false">
              <Summary numSequencePoints="0" visitedSequencePoints="0" numBranchPoints="0" visitedBranchPoints="0" sequenceCoverage="0" branchCoverage="0" maxCyclomaticComplexity="1" minCyclomaticComplexity="1" maxCrapScore="2" minCrapScore="2" visitedClasses="0" numClasses="0" visitedMethods="0" numMethods="0" />
              <MetadataToken>100663305</MetadataToken>
              <Name>System.Void &lt;&gt;f__AnonymousType1`1::.ctor(&lt;idRegistration&gt;j__TPar)</Name>
              <SequencePoints />
              <BranchPoints />
              <MethodPoint vc="0" uspid="9" ordinal="0" offset="0" />
            </Method>
            <Method visited="false" cyclomaticComplexity="2" nPathComplexity="0" sequenceCoverage="0" branchCoverage="0" crapScore="6" isConstructor="false" isStatic="false" isGetter="false" isSetter="false">
              <Summary numSequencePoints="0" visitedSequencePoints="0" numBranchPoints="0" visitedBranchPoints="0" sequenceCoverage="0" branchCoverage="0" maxCyclomaticComplexity="2" minCyclomaticComplexity="2" maxCrapScore="6" minCrapScore="6" visitedClasses="0" numClasses="0" visitedMethods="0" numMethods="0" />
              <MetadataToken>100663306</MetadataToken>
              <Name>System.Boolean &lt;&gt;f__AnonymousType1`1::Equals(System.Object)</Name>
              <SequencePoints />
              <BranchPoints />
              <MethodPoint vc="0" uspid="10" ordinal="0" offset="0" />
            </Method>
            <Method visited="false" cyclomaticComplexity="1" nPathComplexity="0" sequenceCoverage="0" branchCoverage="0" crapScore="2" isConstructor="false" isStatic="false" isGetter="false" isSetter="false">
              <Summary numSequencePoints="0" visitedSequencePoints="0" numBranchPoints="0" visitedBranchPoints="0" sequenceCoverage="0" branchCoverage="0" maxCyclomaticComplexity="1" minCyclomaticComplexity="1" maxCrapScore="2" minCrapScore="2" visitedClasses="0" numClasses="0" visitedMethods="0" numMethods="0" />
              <MetadataToken>100663307</MetadataToken>
              <Name>System.Int32 &lt;&gt;f__AnonymousType1`1::GetHashCode()</Name>
              <SequencePoints />
              <BranchPoints />
              <MethodPoint vc="0" uspid="11" ordinal="0" offset="0" />
            </Method>
            <Method visited="false" cyclomaticComplexity="4" nPathComplexity="0" sequenceCoverage="0" branchCoverage="0" crapScore="20" isConstructor="false" isStatic="false" isGetter="false" isSetter="false">
              <Summary numSequencePoints="0" visitedSequencePoints="0" numBranchPoints="0" visitedBranchPoints="0" sequenceCoverage="0" branchCoverage="0" maxCyclomaticComplexity="4" minCyclomaticComplexity="4" maxCrapScore="20" minCrapScore="20" visitedClasses="0" numClasses="0" visitedMethods="0" numMethods="0" />
              <MetadataToken>100663308</MetadataToken>
              <Name>System.String &lt;&gt;f__AnonymousType1`1::ToString()</Name>
              <SequencePoints />
              <BranchPoints />
              <MethodPoint vc="0" uspid="12" ordinal="0" offset="0" />
            </Method>
          </Methods>
        </Class>
        <Class>
          <Summary numSequencePoints="0" visitedSequencePoints="0" numBranchPoints="0" visitedBranchPoints="0" sequenceCoverage="0" branchCoverage="0" maxCyclomaticComplexity="7" minCyclomaticComplexity="1" maxCrapScore="56" minCrapScore="2" visitedClasses="0" numClasses="0" visitedMethods="0" numMethods="0" />
          <FullName>&lt;&gt;f__AnonymousType2`2</FullName>
          <Methods>
            <Method visited="false" cyclomaticComplexity="1" nPathComplexity="0" sequenceCoverage="0" branchCoverage="0" crapScore="2" isConstructor="false" isStatic="false" isGetter="true" isSetter="false">
              <Summary numSequencePoints="0" visitedSequencePoints="0" numBranchPoints="0" visitedBranchPoints="0" sequenceCoverage="0" branchCoverage="0" maxCyclomaticComplexity="1" minCyclomaticComplexity="1" maxCrapScore="2" minCrapScore="2" visitedClasses="0" numClasses="0" visitedMethods="0" numMethods="0" />
              <MetadataToken>100663309</MetadataToken>
              <Name>&lt;Id&gt;j__TPar &lt;&gt;f__AnonymousType2`2::get_Id()</Name>
              <SequencePoints />
              <BranchPoints />
              <MethodPoint vc="0" uspid="13" ordinal="0" offset="0" />
            </Method>
            <Method visited="false" cyclomaticComplexity="1" nPathComplexity="0" sequenceCoverage="0" branchCoverage="0" crapScore="2" isConstructor="false" isStatic="false" isGetter="true" isSetter="false">
              <Summary numSequencePoints="0" visitedSequencePoints="0" numBranchPoints="0" visitedBranchPoints="0" sequenceCoverage="0" branchCoverage="0" maxCyclomaticComplexity="1" minCyclomaticComplexity="1" maxCrapScore="2" minCrapScore="2" visitedClasses="0" numClasses="0" visitedMethods="0" numMethods="0" />
              <MetadataToken>100663310</MetadataToken>
              <Name>&lt;Name&gt;j__TPar &lt;&gt;f__AnonymousType2`2::get_Name()</Name>
              <SequencePoints />
              <BranchPoints />
              <MethodPoint vc="0" uspid="14" ordinal="0" offset="0" />
            </Method>
            <Method visited="false" cyclomaticComplexity="1" nPathComplexity="0" sequenceCoverage="0" branchCoverage="0" crapScore="2" isConstructor="true" isStatic="false" isGetter="false" isSetter="false">
              <Summary numSequencePoints="0" visitedSequencePoints="0" numBranchPoints="0" visitedBranchPoints="0" sequenceCoverage="0" branchCoverage="0" maxCyclomaticComplexity="1" minCyclomaticComplexity="1" maxCrapScore="2" minCrapScore="2" visitedClasses="0" numClasses="0" visitedMethods="0" numMethods="0" />
              <MetadataToken>100663311</MetadataToken>
              <Name>System.Void &lt;&gt;f__AnonymousType2`2::.ctor(&lt;Id&gt;j__TPar,&lt;Name&gt;j__TPar)</Name>
              <SequencePoints />
              <BranchPoints />
              <MethodPoint vc="0" uspid="15" ordinal="0" offset="0" />
            </Method>
            <Method visited="false" cyclomaticComplexity="3" nPathComplexity="0" sequenceCoverage="0" branchCoverage="0" crapScore="12" isConstructor="false" isStatic="false" isGetter="false" isSetter="false">
              <Summary numSequencePoints="0" visitedSequencePoints="0" numBranchPoints="0" visitedBranchPoints="0" sequenceCoverage="0" branchCoverage="0" maxCyclomaticComplexity="3" minCyclomaticComplexity="3" maxCrapScore="12" minCrapScore="12" visitedClasses="0" numClasses="0" visitedMethods="0" numMethods="0" />
              <MetadataToken>100663312</MetadataToken>
              <Name>System.Boolean &lt;&gt;f__AnonymousType2`2::Equals(System.Object)</Name>
              <SequencePoints />
              <BranchPoints />
              <MethodPoint vc="0" uspid="16" ordinal="0" offset="0" />
            </Method>
            <Method visited="false" cyclomaticComplexity="1" nPathComplexity="0" sequenceCoverage="0" branchCoverage="0" crapScore="2" isConstructor="false" isStatic="false" isGetter="false" isSetter="false">
              <Summary numSequencePoints="0" visitedSequencePoints="0" numBranchPoints="0" visitedBranchPoints="0" sequenceCoverage="0" branchCoverage="0" maxCyclomaticComplexity="1" minCyclomaticComplexity="1" maxCrapScore="2" minCrapScore="2" visitedClasses="0" numClasses="0" visitedMethods="0" numMethods="0" />
              <MetadataToken>100663313</MetadataToken>
              <Name>System.Int32 &lt;&gt;f__AnonymousType2`2::GetHashCode()</Name>
              <SequencePoints />
              <BranchPoints />
              <MethodPoint vc="0" uspid="17" ordinal="0" offset="0" />
            </Method>
            <Method visited="false" cyclomaticComplexity="7" nPathComplexity="0" sequenceCoverage="0" branchCoverage="0" crapScore="56" isConstructor="false" isStatic="false" isGetter="false" isSetter="false">
              <Summary numSequencePoints="0" visitedSequencePoints="0" numBranchPoints="0" visitedBranchPoints="0" sequenceCoverage="0" branchCoverage="0" maxCyclomaticComplexity="7" minCyclomaticComplexity="7" maxCrapScore="56" minCrapScore="56" visitedClasses="0" numClasses="0" visitedMethods="0" numMethods="0" />
              <MetadataToken>100663314</MetadataToken>
              <Name>System.String &lt;&gt;f__AnonymousType2`2::ToString()</Name>
              <SequencePoints />
              <BranchPoints />
              <MethodPoint vc="0" uspid="18" ordinal="0" offset="0" />
            </Method>
          </Methods>
        </Class>
        <Class>
          <Summary numSequencePoints="0" visitedSequencePoints="0" numBranchPoints="0" visitedBranchPoints="0" sequenceCoverage="0" branchCoverage="0" maxCyclomaticComplexity="13" minCyclomaticComplexity="1" maxCrapScore="182" minCrapScore="2" visitedClasses="0" numClasses="0" visitedMethods="0" numMethods="0" />
          <FullName>&lt;&gt;f__AnonymousType3`4</FullName>
          <Methods>
            <Method visited="false" cyclomaticComplexity="1" nPathComplexity="0" sequenceCoverage="0" branchCoverage="0" crapScore="2" isConstructor="false" isStatic="false" isGetter="true" isSetter="false">
              <Summary numSequencePoints="0" visitedSequencePoints="0" numBranchPoints="0" visitedBranchPoints="0" sequenceCoverage="0" branchCoverage="0" maxCyclomaticComplexity="1" minCyclomaticComplexity="1" maxCrapScore="2" minCrapScore="2" visitedClasses="0" numClasses="0" visitedMethods="0" numMethods="0" />
              <MetadataToken>100663315</MetadataToken>
              <Name>&lt;group_id&gt;j__TPar &lt;&gt;f__AnonymousType3`4::get_group_id()</Name>
              <SequencePoints />
              <BranchPoints />
              <MethodPoint vc="0" uspid="19" ordinal="0" offset="0" />
            </Method>
            <Method visited="false" cyclomaticComplexity="1" nPathComplexity="0" sequenceCoverage="0" branchCoverage="0" crapScore="2" isConstructor="false" isStatic="false" isGetter="true" isSetter="false">
              <Summary numSequencePoints="0" visitedSequencePoints="0" numBranchPoints="0" visitedBranchPoints="0" sequenceCoverage="0" branchCoverage="0" maxCyclomaticComplexity="1" minCyclomaticComplexity="1" maxCrapScore="2" minCrapScore="2" visitedClasses="0" numClasses="0" visitedMethods="0" numMethods="0" />
              <MetadataToken>100663316</MetadataToken>
              <Name>&lt;group_member1&gt;j__TPar &lt;&gt;f__AnonymousType3`4::get_group_member1()</Name>
              <SequencePoints />
              <BranchPoints />
              <MethodPoint vc="0" uspid="20" ordinal="0" offset="0" />
            </Method>
            <Method visited="false" cyclomaticComplexity="1" nPathComplexity="0" sequenceCoverage="0" branchCoverage="0" crapScore="2" isConstructor="false" isStatic="false" isGetter="true" isSetter="false">
              <Summary numSequencePoints="0" visitedSequencePoints="0" numBranchPoints="0" visitedBranchPoints="0" sequenceCoverage="0" branchCoverage="0" maxCyclomaticComplexity="1" minCyclomaticComplexity="1" maxCrapScore="2" minCrapScore="2" visitedClasses="0" numClasses="0" visitedMethods="0" numMethods="0" />
              <MetadataToken>100663317</MetadataToken>
              <Name>&lt;group_member2&gt;j__TPar &lt;&gt;f__AnonymousType3`4::get_group_member2()</Name>
              <SequencePoints />
              <BranchPoints />
              <MethodPoint vc="0" uspid="21" ordinal="0" offset="0" />
            </Method>
            <Method visited="false" cyclomaticComplexity="1" nPathComplexity="0" sequenceCoverage="0" branchCoverage="0" crapScore="2" isConstructor="false" isStatic="false" isGetter="true" isSetter="false">
              <Summary numSequencePoints="0" visitedSequencePoints="0" numBranchPoints="0" visitedBranchPoints="0" sequenceCoverage="0" branchCoverage="0" maxCyclomaticComplexity="1" minCyclomaticComplexity="1" maxCrapScore="2" minCrapScore="2" visitedClasses="0" numClasses="0" visitedMethods="0" numMethods="0" />
              <MetadataToken>100663318</MetadataToken>
              <Name>&lt;group_member3&gt;j__TPar &lt;&gt;f__AnonymousType3`4::get_group_member3()</Name>
              <SequencePoints />
              <BranchPoints />
              <MethodPoint vc="0" uspid="22" ordinal="0" offset="0" />
            </Method>
            <Method visited="false" cyclomaticComplexity="1" nPathComplexity="0" sequenceCoverage="0" branchCoverage="0" crapScore="2" isConstructor="true" isStatic="false" isGetter="false" isSetter="false">
              <Summary numSequencePoints="0" visitedSequencePoints="0" numBranchPoints="0" visitedBranchPoints="0" sequenceCoverage="0" branchCoverage="0" maxCyclomaticComplexity="1" minCyclomaticComplexity="1" maxCrapScore="2" minCrapScore="2" visitedClasses="0" numClasses="0" visitedMethods="0" numMethods="0" />
              <MetadataToken>100663319</MetadataToken>
              <Name>System.Void &lt;&gt;f__AnonymousType3`4::.ctor(&lt;group_id&gt;j__TPar,&lt;group_member1&gt;j__TPar,&lt;group_member2&gt;j__TPar,&lt;group_member3&gt;j__TPar)</Name>
              <SequencePoints />
              <BranchPoints />
              <MethodPoint vc="0" uspid="23" ordinal="0" offset="0" />
            </Method>
            <Method visited="false" cyclomaticComplexity="5" nPathComplexity="0" sequenceCoverage="0" branchCoverage="0" crapScore="30" isConstructor="false" isStatic="false" isGetter="false" isSetter="false">
              <Summary numSequencePoints="0" visitedSequencePoints="0" numBranchPoints="0" visitedBranchPoints="0" sequenceCoverage="0" branchCoverage="0" maxCyclomaticComplexity="5" minCyclomaticComplexity="5" maxCrapScore="30" minCrapScore="30" visitedClasses="0" numClasses="0" visitedMethods="0" numMethods="0" />
              <MetadataToken>100663320</MetadataToken>
              <Name>System.Boolean &lt;&gt;f__AnonymousType3`4::Equals(System.Object)</Name>
              <SequencePoints />
              <BranchPoints />
              <MethodPoint vc="0" uspid="24" ordinal="0" offset="0" />
            </Method>
            <Method visited="false" cyclomaticComplexity="1" nPathComplexity="0" sequenceCoverage="0" branchCoverage="0" crapScore="2" isConstructor="false" isStatic="false" isGetter="false" isSetter="false">
              <Summary numSequencePoints="0" visitedSequencePoints="0" numBranchPoints="0" visitedBranchPoints="0" sequenceCoverage="0" branchCoverage="0" maxCyclomaticComplexity="1" minCyclomaticComplexity="1" maxCrapScore="2" minCrapScore="2" visitedClasses="0" numClasses="0" visitedMethods="0" numMethods="0" />
              <MetadataToken>100663321</MetadataToken>
              <Name>System.Int32 &lt;&gt;f__AnonymousType3`4::GetHashCode()</Name>
              <SequencePoints />
              <BranchPoints />
              <MethodPoint vc="0" uspid="25" ordinal="0" offset="0" />
            </Method>
            <Method visited="false" cyclomaticComplexity="13" nPathComplexity="0" sequenceCoverage="0" branchCoverage="0" crapScore="182" isConstructor="false" isStatic="false" isGetter="false" isSetter="false">
              <Summary numSequencePoints="0" visitedSequencePoints="0" numBranchPoints="0" visitedBranchPoints="0" sequenceCoverage="0" branchCoverage="0" maxCyclomaticComplexity="13" minCyclomaticComplexity="13" maxCrapScore="182" minCrapScore="182" visitedClasses="0" numClasses="0" visitedMethods="0" numMethods="0" />
              <MetadataToken>100663322</MetadataToken>
              <Name>System.String &lt;&gt;f__AnonymousType3`4::ToString()</Name>
              <SequencePoints />
              <BranchPoints />
              <MethodPoint vc="0" uspid="26" ordinal="0" offset="0" />
            </Method>
          </Methods>
        </Class>
        <Class>
          <Summary numSequencePoints="7" visitedSequencePoints="0" numBranchPoints="1" visitedBranchPoints="0" sequenceCoverage="0" branchCoverage="0" maxCyclomaticComplexity="1" minCyclomaticComplexity="1" maxCrapScore="2" minCrapScore="2" visitedClasses="0" numClasses="1" visitedMethods="0" numMethods="1" />
          <FullName>FYP1_Module1_Version1._1.BundleConfig</FullName>
          <Methods>
            <Method visited="false" cyclomaticComplexity="1" nPathComplexity="0" sequenceCoverage="0" branchCoverage="0" crapScore="2" isConstructor="false" isStatic="true" isGetter="false" isSetter="false">
              <Summary numSequencePoints="7" visitedSequencePoints="0" numBranchPoints="1" visitedBranchPoints="0" sequenceCoverage="0" branchCoverage="0" maxCyclomaticComplexity="1" minCyclomaticComplexity="1" maxCrapScore="2" minCrapScore="2" visitedClasses="0" numClasses="0" visitedMethods="0" numMethods="1" />
              <MetadataToken>100663323</MetadataToken>
              <Name>System.Void FYP1_Module1_Version1._1.BundleConfig::RegisterBundles(System.Web.Optimization.BundleCollection)</Name>
              <FileRef uid="1" />
              <SequencePoints>
                <SequencePoint vc="0" uspid="27" ordinal="0" offset="0" sl="10" sc="9" el="10" ec="10" bec="0" bev="0" fileid="1" />
                <SequencePoint vc="0" uspid="28" ordinal="1" offset="1" sl="11" sc="13" el="12" ec="59" bec="0" bev="0" fileid="1" />
                <SequencePoint vc="0" uspid="29" ordinal="2" offset="34" sl="14" sc="13" el="15" ec="56" bec="0" bev="0" fileid="1" />
                <SequencePoint vc="0" uspid="30" ordinal="3" offset="67" sl="19" sc="13" el="20" ec="51" bec="0" bev="0" fileid="1" />
                <SequencePoint vc="0" uspid="31" ordinal="4" offset="100" sl="22" sc="13" el="24" ec="48" bec="0" bev="0" fileid="1" />
                <SequencePoint vc="0" uspid="32" ordinal="5" offset="144" sl="26" sc="13" el="28" ec="46" bec="0" bev="0" fileid="1" />
                <SequencePoint vc="0" uspid="33" ordinal="6" offset="188" sl="31" sc="9" el="31" ec="10" bec="0" bev="0" fileid="1" />
              </SequencePoints>
              <BranchPoints />
              <MethodPoint xsi:type="SequencePoint" vc="0" uspid="27" ordinal="0" offset="0" sl="10" sc="9" el="10" ec="10" bec="0" bev="0" fileid="1" />
            </Method>
            <Method visited="false" cyclomaticComplexity="1" nPathComplexity="0" sequenceCoverage="0" branchCoverage="0" crapScore="2" isConstructor="true" isStatic="false" isGetter="false" isSetter="false">
              <Summary numSequencePoints="0" visitedSequencePoints="0" numBranchPoints="0" visitedBranchPoints="0" sequenceCoverage="0" branchCoverage="0" maxCyclomaticComplexity="1" minCyclomaticComplexity="1" maxCrapScore="2" minCrapScore="2" visitedClasses="0" numClasses="0" visitedMethods="0" numMethods="0" />
              <MetadataToken>100663324</MetadataToken>
              <Name>System.Void FYP1_Module1_Version1._1.BundleConfig::.ctor()</Name>
              <SequencePoints />
              <BranchPoints />
              <MethodPoint vc="0" uspid="34" ordinal="0" offset="0" />
            </Method>
          </Methods>
        </Class>
        <Class>
          <Summary numSequencePoints="3" visitedSequencePoints="0" numBranchPoints="1" visitedBranchPoints="0" sequenceCoverage="0" branchCoverage="0" maxCyclomaticComplexity="1" minCyclomaticComplexity="1" maxCrapScore="2" minCrapScore="2" visitedClasses="0" numClasses="1" visitedMethods="0" numMethods="1" />
          <FullName>FYP1_Module1_Version1._1.FilterConfig</FullName>
          <Methods>
            <Method visited="false" cyclomaticComplexity="1" nPathComplexity="0" sequenceCoverage="0" branchCoverage="0" crapScore="2" isConstructor="false" isStatic="true" isGetter="false" isSetter="false">
              <Summary numSequencePoints="3" visitedSequencePoints="0" numBranchPoints="1" visitedBranchPoints="0" sequenceCoverage="0" branchCoverage="0" maxCyclomaticComplexity="1" minCyclomaticComplexity="1" maxCrapScore="2" minCrapScore="2" visitedClasses="0" numClasses="0" visitedMethods="0" numMethods="1" />
              <MetadataToken>100663325</MetadataToken>
              <Name>System.Void FYP1_Module1_Version1._1.FilterConfig::RegisterGlobalFilters(System.Web.Mvc.GlobalFilterCollection)</Name>
              <FileRef uid="2" />
              <SequencePoints>
                <SequencePoint vc="0" uspid="35" ordinal="0" offset="0" sl="9" sc="9" el="9" ec="10" bec="0" bev="0" fileid="2" />
                <SequencePoint vc="0" uspid="36" ordinal="1" offset="1" sl="10" sc="13" el="10" ec="53" bec="0" bev="0" fileid="2" />
                <SequencePoint vc="0" uspid="37" ordinal="2" offset="13" sl="11" sc="9" el="11" ec="10" bec="0" bev="0" fileid="2" />
              </SequencePoints>
              <BranchPoints />
              <MethodPoint xsi:type="SequencePoint" vc="0" uspid="35" ordinal="0" offset="0" sl="9" sc="9" el="9" ec="10" bec="0" bev="0" fileid="2" />
            </Method>
            <Method visited="false" cyclomaticComplexity="1" nPathComplexity="0" sequenceCoverage="0" branchCoverage="0" crapScore="2" isConstructor="true" isStatic="false" isGetter="false" isSetter="false">
              <Summary numSequencePoints="0" visitedSequencePoints="0" numBranchPoints="0" visitedBranchPoints="0" sequenceCoverage="0" branchCoverage="0" maxCyclomaticComplexity="1" minCyclomaticComplexity="1" maxCrapScore="2" minCrapScore="2" visitedClasses="0" numClasses="0" visitedMethods="0" numMethods="0" />
              <MetadataToken>100663326</MetadataToken>
              <Name>System.Void FYP1_Module1_Version1._1.FilterConfig::.ctor()</Name>
              <SequencePoints />
              <BranchPoints />
              <MethodPoint vc="0" uspid="38" ordinal="0" offset="0" />
            </Method>
          </Methods>
        </Class>
        <Class>
          <Summary numSequencePoints="5" visitedSequencePoints="0" numBranchPoints="1" visitedBranchPoints="0" sequenceCoverage="0" branchCoverage="0" maxCyclomaticComplexity="1" minCyclomaticComplexity="1" maxCrapScore="2" minCrapScore="2" visitedClasses="0" numClasses="1" visitedMethods="0" numMethods="1" />
          <FullName>FYP1_Module1_Version1._1.RouteConfig</FullName>
          <Methods>
            <Method visited="false" cyclomaticComplexity="1" nPathComplexity="0" sequenceCoverage="0" branchCoverage="0" crapScore="2" isConstructor="false" isStatic="true" isGetter="false" isSetter="false">
              <Summary numSequencePoints="5" visitedSequencePoints="0" numBranchPoints="1" visitedBranchPoints="0" sequenceCoverage="0" branchCoverage="0" maxCyclomaticComplexity="1" minCyclomaticComplexity="1" maxCrapScore="2" minCrapScore="2" visitedClasses="0" numClasses="0" visitedMethods="0" numMethods="1" />
              <MetadataToken>100663327</MetadataToken>
              <Name>System.Void FYP1_Module1_Version1._1.RouteConfig::RegisterRoutes(System.Web.Routing.RouteCollection)</Name>
              <FileRef uid="3" />
              <SequencePoints>
                <SequencePoint vc="0" uspid="39" ordinal="0" offset="0" sl="13" sc="9" el="13" ec="10" bec="0" bev="0" fileid="3" />
                <SequencePoint vc="0" uspid="40" ordinal="1" offset="1" sl="14" sc="13" el="14" ec="62" bec="0" bev="0" fileid="3" />
                <SequencePoint vc="0" uspid="41" ordinal="2" offset="13" sl="17" sc="13" el="21" ec="15" bec="0" bev="0" fileid="3" />
                <SequencePoint vc="0" uspid="42" ordinal="3" offset="50" sl="22" sc="13" el="26" ec="15" bec="0" bev="0" fileid="3" />
                <SequencePoint vc="0" uspid="43" ordinal="4" offset="87" sl="29" sc="9" el="29" ec="10" bec="0" bev="0" fileid="3" />
              </SequencePoints>
              <BranchPoints />
              <MethodPoint xsi:type="SequencePoint" vc="0" uspid="39" ordinal="0" offset="0" sl="13" sc="9" el="13" ec="10" bec="0" bev="0" fileid="3" />
            </Method>
            <Method visited="false" cyclomaticComplexity="1" nPathComplexity="0" sequenceCoverage="0" branchCoverage="0" crapScore="2" isConstructor="true" isStatic="false" isGetter="false" isSetter="false">
              <Summary numSequencePoints="0" visitedSequencePoints="0" numBranchPoints="0" visitedBranchPoints="0" sequenceCoverage="0" branchCoverage="0" maxCyclomaticComplexity="1" minCyclomaticComplexity="1" maxCrapScore="2" minCrapScore="2" visitedClasses="0" numClasses="0" visitedMethods="0" numMethods="0" />
              <MetadataToken>100663328</MetadataToken>
              <Name>System.Void FYP1_Module1_Version1._1.RouteConfig::.ctor()</Name>
              <SequencePoints />
              <BranchPoints />
              <MethodPoint vc="0" uspid="44" ordinal="0" offset="0" />
            </Method>
          </Methods>
        </Class>
        <Class>
          <Summary numSequencePoints="6" visitedSequencePoints="0" numBranchPoints="1" visitedBranchPoints="0" sequenceCoverage="0" branchCoverage="0" maxCyclomaticComplexity="1" minCyclomaticComplexity="1" maxCrapScore="2" minCrapScore="2" visitedClasses="0" numClasses="1" visitedMethods="0" numMethods="1" />
          <FullName>FYP1_Module1_Version1._1.MvcApplication</FullName>
          <Methods>
            <Method visited="false" cyclomaticComplexity="1" nPathComplexity="0" sequenceCoverage="0" branchCoverage="0" crapScore="2" isConstructor="false" isStatic="false" isGetter="false" isSetter="false">
              <Summary numSequencePoints="6" visitedSequencePoints="0" numBranchPoints="1" visitedBranchPoints="0" sequenceCoverage="0" branchCoverage="0" maxCyclomaticComplexity="1" minCyclomaticComplexity="1" maxCrapScore="2" minCrapScore="2" visitedClasses="0" numClasses="0" visitedMethods="0" numMethods="1" />
              <MetadataToken>100663329</MetadataToken>
              <Name>System.Void FYP1_Module1_Version1._1.MvcApplication::Application_Start()</Name>
              <FileRef uid="4" />
              <SequencePoints>
                <SequencePoint vc="0" uspid="45" ordinal="0" offset="0" sl="14" sc="9" el="14" ec="10" bec="0" bev="0" fileid="4" />
                <SequencePoint vc="0" uspid="46" ordinal="1" offset="1" sl="15" sc="13" el="15" ec="49" bec="0" bev="0" fileid="4" />
                <SequencePoint vc="0" uspid="47" ordinal="2" offset="7" sl="16" sc="13" el="16" ec="71" bec="0" bev="0" fileid="4" />
                <SequencePoint vc="0" uspid="48" ordinal="3" offset="18" sl="17" sc="13" el="17" ec="59" bec="0" bev="0" fileid="4" />
                <SequencePoint vc="0" uspid="49" ordinal="4" offset="29" sl="18" sc="13" el="18" ec="63" bec="0" bev="0" fileid="4" />
                <SequencePoint vc="0" uspid="50" ordinal="5" offset="40" sl="20" sc="9" el="20" ec="10" bec="0" bev="0" fileid="4" />
              </SequencePoints>
              <BranchPoints />
              <MethodPoint xsi:type="SequencePoint" vc="0" uspid="45" ordinal="0" offset="0" sl="14" sc="9" el="14" ec="10" bec="0" bev="0" fileid="4" />
            </Method>
            <Method visited="false" cyclomaticComplexity="1" nPathComplexity="0" sequenceCoverage="0" branchCoverage="0" crapScore="2" isConstructor="true" isStatic="false" isGetter="false" isSetter="false">
              <Summary numSequencePoints="0" visitedSequencePoints="0" numBranchPoints="0" visitedBranchPoints="0" sequenceCoverage="0" branchCoverage="0" maxCyclomaticComplexity="1" minCyclomaticComplexity="1" maxCrapScore="2" minCrapScore="2" visitedClasses="0" numClasses="0" visitedMethods="0" numMethods="0" />
              <MetadataToken>100663330</MetadataToken>
              <Name>System.Void FYP1_Module1_Version1._1.MvcApplication::.ctor()</Name>
              <SequencePoints />
              <BranchPoints />
              <MethodPoint vc="0" uspid="51" ordinal="0" offset="0" />
            </Method>
          </Methods>
        </Class>
        <Class>
          <Summary numSequencePoints="0" visitedSequencePoints="0" numBranchPoints="0" visitedBranchPoints="0" sequenceCoverage="0" branchCoverage="0" maxCyclomaticComplexity="1" minCyclomaticComplexity="1" maxCrapScore="2" minCrapScore="2" visitedClasses="0" numClasses="0" visitedMethods="0" numMethods="0" />
          <FullName>FYP1_Module1_Version1._1.Models.Alert</FullName>
          <Methods>
            <Method skippedDueTo="AutoImplementedProperty" visited="false" cyclomaticComplexity="1" nPathComplexity="0" sequenceCoverage="0" branchCoverage="0" crapScore="0" isConstructor="false" isStatic="false" isGetter="true" isSetter="false">
              <MetadataToken>100663331</MetadataToken>
              <Name>System.String FYP1_Module1_Version1._1.Models.Alert::get_AlertStyle()</Name>
              <FileRef uid="5" />
              <SequencePoints />
              <BranchPoints />
            </Method>
            <Method skippedDueTo="AutoImplementedProperty" visited="false" cyclomaticComplexity="1" nPathComplexity="0" sequenceCoverage="0" branchCoverage="0" crapScore="0" isConstructor="false" isStatic="false" isGetter="false" isSetter="true">
              <MetadataToken>100663332</MetadataToken>
              <Name>System.Void FYP1_Module1_Version1._1.Models.Alert::set_AlertStyle(System.String)</Name>
              <FileRef uid="5" />
              <SequencePoints />
              <BranchPoints />
            </Method>
            <Method skippedDueTo="AutoImplementedProperty" visited="false" cyclomaticComplexity="1" nPathComplexity="0" sequenceCoverage="0" branchCoverage="0" crapScore="0" isConstructor="false" isStatic="false" isGetter="true" isSetter="false">
              <MetadataToken>100663333</MetadataToken>
              <Name>System.String FYP1_Module1_Version1._1.Models.Alert::get_Message()</Name>
              <FileRef uid="5" />
              <SequencePoints />
              <BranchPoints />
            </Method>
            <Method skippedDueTo="AutoImplementedProperty" visited="false" cyclomaticComplexity="1" nPathComplexity="0" sequenceCoverage="0" branchCoverage="0" crapScore="0" isConstructor="false" isStatic="false" isGetter="false" isSetter="true">
              <MetadataToken>100663334</MetadataToken>
              <Name>System.Void FYP1_Module1_Version1._1.Models.Alert::set_Message(System.String)</Name>
              <FileRef uid="5" />
              <SequencePoints />
              <BranchPoints />
            </Method>
            <Method skippedDueTo="AutoImplementedProperty" visited="false" cyclomaticComplexity="1" nPathComplexity="0" sequenceCoverage="0" branchCoverage="0" crapScore="0" isConstructor="false" isStatic="false" isGetter="true" isSetter="false">
              <MetadataToken>100663335</MetadataToken>
              <Name>System.Boolean FYP1_Module1_Version1._1.Models.Alert::get_Dismissable()</Name>
              <FileRef uid="5" />
              <SequencePoints />
              <BranchPoints />
            </Method>
            <Method skippedDueTo="AutoImplementedProperty" visited="false" cyclomaticComplexity="1" nPathComplexity="0" sequenceCoverage="0" branchCoverage="0" crapScore="0" isConstructor="false" isStatic="false" isGetter="false" isSetter="true">
              <MetadataToken>100663336</MetadataToken>
              <Name>System.Void FYP1_Module1_Version1._1.Models.Alert::set_Dismissable(System.Boolean)</Name>
              <FileRef uid="5" />
              <SequencePoints />
              <BranchPoints />
            </Method>
            <Method visited="false" cyclomaticComplexity="1" nPathComplexity="0" sequenceCoverage="0" branchCoverage="0" crapScore="2" isConstructor="true" isStatic="false" isGetter="false" isSetter="false">
              <Summary numSequencePoints="0" visitedSequencePoints="0" numBranchPoints="0" visitedBranchPoints="0" sequenceCoverage="0" branchCoverage="0" maxCyclomaticComplexity="1" minCyclomaticComplexity="1" maxCrapScore="2" minCrapScore="2" visitedClasses="0" numClasses="0" visitedMethods="0" numMethods="0" />
              <MetadataToken>100663337</MetadataToken>
              <Name>System.Void FYP1_Module1_Version1._1.Models.Alert::.ctor()</Name>
              <SequencePoints />
              <BranchPoints />
              <MethodPoint vc="0" uspid="52" ordinal="0" offset="0" />
            </Method>
          </Methods>
        </Class>
        <Class>
          <Summary numSequencePoints="0" visitedSequencePoints="0" numBranchPoints="0" visitedBranchPoints="0" sequenceCoverage="0" branchCoverage="0" maxCyclomaticComplexity="1" minCyclomaticComplexity="1" maxCrapScore="2" minCrapScore="2" visitedClasses="0" numClasses="0" visitedMethods="0" numMethods="0" />
          <FullName>FYP1_Module1_Version1._1.Models.ChatModel</FullName>
          <Methods>
            <Method skippedDueTo="AutoImplementedProperty" visited="false" cyclomaticComplexity="1" nPathComplexity="0" sequenceCoverage="0" branchCoverage="0" crapScore="0" isConstructor="false" isStatic="false" isGetter="true" isSetter="false">
              <MetadataToken>100663338</MetadataToken>
              <Name>System.Collections.Generic.IEnumerable`1&lt;FYP1_Module1_Version1._1.Models.conversation&gt; FYP1_Module1_Version1._1.Models.ChatModel::get_chat()</Name>
              <FileRef uid="6" />
              <SequencePoints />
              <BranchPoints />
            </Method>
            <Method skippedDueTo="AutoImplementedProperty" visited="false" cyclomaticComplexity="1" nPathComplexity="0" sequenceCoverage="0" branchCoverage="0" crapScore="0" isConstructor="false" isStatic="false" isGetter="false" isSetter="true">
              <MetadataToken>100663339</MetadataToken>
              <Name>System.Void FYP1_Module1_Version1._1.Models.ChatModel::set_chat(System.Collections.Generic.IEnumerable`1&lt;FYP1_Module1_Version1._1.Models.conversation&gt;)</Name>
              <FileRef uid="6" />
              <SequencePoints />
              <BranchPoints />
            </Method>
            <Method skippedDueTo="AutoImplementedProperty" visited="false" cyclomaticComplexity="1" nPathComplexity="0" sequenceCoverage="0" branchCoverage="0" crapScore="0" isConstructor="false" isStatic="false" isGetter="true" isSetter="false">
              <MetadataToken>100663340</MetadataToken>
              <Name>FYP1_Module1_Version1._1.Models.conversation FYP1_Module1_Version1._1.Models.ChatModel::get_Text()</Name>
              <FileRef uid="6" />
              <SequencePoints />
              <BranchPoints />
            </Method>
            <Method skippedDueTo="AutoImplementedProperty" visited="false" cyclomaticComplexity="1" nPathComplexity="0" sequenceCoverage="0" branchCoverage="0" crapScore="0" isConstructor="false" isStatic="false" isGetter="false" isSetter="true">
              <MetadataToken>100663341</MetadataToken>
              <Name>System.Void FYP1_Module1_Version1._1.Models.ChatModel::set_Text(FYP1_Module1_Version1._1.Models.conversation)</Name>
              <FileRef uid="6" />
              <SequencePoints />
              <BranchPoints />
            </Method>
            <Method visited="false" cyclomaticComplexity="1" nPathComplexity="0" sequenceCoverage="0" branchCoverage="0" crapScore="2" isConstructor="true" isStatic="false" isGetter="false" isSetter="false">
              <Summary numSequencePoints="0" visitedSequencePoints="0" numBranchPoints="0" visitedBranchPoints="0" sequenceCoverage="0" branchCoverage="0" maxCyclomaticComplexity="1" minCyclomaticComplexity="1" maxCrapScore="2" minCrapScore="2" visitedClasses="0" numClasses="0" visitedMethods="0" numMethods="0" />
              <MetadataToken>100663342</MetadataToken>
              <Name>System.Void FYP1_Module1_Version1._1.Models.ChatModel::.ctor()</Name>
              <SequencePoints />
              <BranchPoints />
              <MethodPoint vc="0" uspid="53" ordinal="0" offset="0" />
            </Method>
          </Methods>
        </Class>
        <Class>
          <Summary numSequencePoints="0" visitedSequencePoints="0" numBranchPoints="0" visitedBranchPoints="0" sequenceCoverage="0" branchCoverage="0" maxCyclomaticComplexity="1" minCyclomaticComplexity="1" maxCrapScore="2" minCrapScore="2" visitedClasses="0" numClasses="0" visitedMethods="0" numMethods="0" />
          <FullName>FYP1_Module1_Version1._1.Models.conversation</FullName>
          <Methods>
            <Method skippedDueTo="AutoImplementedProperty" visited="false" cyclomaticComplexity="1" nPathComplexity="0" sequenceCoverage="0" branchCoverage="0" crapScore="0" isConstructor="false" isStatic="false" isGetter="true" isSetter="false">
              <MetadataToken>100663343</MetadataToken>
              <Name>System.Int32 FYP1_Module1_Version1._1.Models.conversation::get_idconversation()</Name>
              <FileRef uid="7" />
              <SequencePoints />
              <BranchPoints />
            </Method>
            <Method skippedDueTo="AutoImplementedProperty" visited="false" cyclomaticComplexity="1" nPathComplexity="0" sequenceCoverage="0" branchCoverage="0" crapScore="0" isConstructor="false" isStatic="false" isGetter="false" isSetter="true">
              <MetadataToken>100663344</MetadataToken>
              <Name>System.Void FYP1_Module1_Version1._1.Models.conversation::set_idconversation(System.Int32)</Name>
              <FileRef uid="7" />
              <SequencePoints />
              <BranchPoints />
            </Method>
            <Method skippedDueTo="AutoImplementedProperty" visited="false" cyclomaticComplexity="1" nPathComplexity="0" sequenceCoverage="0" branchCoverage="0" crapScore="0" isConstructor="false" isStatic="false" isGetter="true" isSetter="false">
              <MetadataToken>100663345</MetadataToken>
              <Name>System.String FYP1_Module1_Version1._1.Models.conversation::get_message()</Name>
              <FileRef uid="7" />
              <SequencePoints />
              <BranchPoints />
            </Method>
            <Method skippedDueTo="AutoImplementedProperty" visited="false" cyclomaticComplexity="1" nPathComplexity="0" sequenceCoverage="0" branchCoverage="0" crapScore="0" isConstructor="false" isStatic="false" isGetter="false" isSetter="true">
              <MetadataToken>100663346</MetadataToken>
              <Name>System.Void FYP1_Module1_Version1._1.Models.conversation::set_message(System.String)</Name>
              <FileRef uid="7" />
              <SequencePoints />
              <BranchPoints />
            </Method>
            <Method skippedDueTo="AutoImplementedProperty" visited="false" cyclomaticComplexity="1" nPathComplexity="0" sequenceCoverage="0" branchCoverage="0" crapScore="0" isConstructor="false" isStatic="false" isGetter="true" isSetter="false">
              <MetadataToken>100663347</MetadataToken>
              <Name>System.String FYP1_Module1_Version1._1.Models.conversation::get_name()</Name>
              <FileRef uid="7" />
              <SequencePoints />
              <BranchPoints />
            </Method>
            <Method skippedDueTo="AutoImplementedProperty" visited="false" cyclomaticComplexity="1" nPathComplexity="0" sequenceCoverage="0" branchCoverage="0" crapScore="0" isConstructor="false" isStatic="false" isGetter="false" isSetter="true">
              <MetadataToken>100663348</MetadataToken>
              <Name>System.Void FYP1_Module1_Version1._1.Models.conversation::set_name(System.String)</Name>
              <FileRef uid="7" />
              <SequencePoints />
              <BranchPoints />
            </Method>
            <Method skippedDueTo="AutoImplementedProperty" visited="false" cyclomaticComplexity="1" nPathComplexity="0" sequenceCoverage="0" branchCoverage="0" crapScore="0" isConstructor="false" isStatic="false" isGetter="true" isSetter="false">
              <MetadataToken>100663349</MetadataToken>
              <Name>System.DateTime FYP1_Module1_Version1._1.Models.conversation::get_time()</Name>
              <FileRef uid="7" />
              <SequencePoints />
              <BranchPoints />
            </Method>
            <Method skippedDueTo="AutoImplementedProperty" visited="false" cyclomaticComplexity="1" nPathComplexity="0" sequenceCoverage="0" branchCoverage="0" crapScore="0" isConstructor="false" isStatic="false" isGetter="false" isSetter="true">
              <MetadataToken>100663350</MetadataToken>
              <Name>System.Void FYP1_Module1_Version1._1.Models.conversation::set_time(System.DateTime)</Name>
              <FileRef uid="7" />
              <SequencePoints />
              <BranchPoints />
            </Method>
            <Method skippedDueTo="AutoImplementedProperty" visited="false" cyclomaticComplexity="1" nPathComplexity="0" sequenceCoverage="0" branchCoverage="0" crapScore="0" isConstructor="false" isStatic="false" isGetter="true" isSetter="false">
              <MetadataToken>100663351</MetadataToken>
              <Name>System.Int32 FYP1_Module1_Version1._1.Models.conversation::get_idea()</Name>
              <FileRef uid="7" />
              <SequencePoints />
              <BranchPoints />
            </Method>
            <Method skippedDueTo="AutoImplementedProperty" visited="false" cyclomaticComplexity="1" nPathComplexity="0" sequenceCoverage="0" branchCoverage="0" crapScore="0" isConstructor="false" isStatic="false" isGetter="false" isSetter="true">
              <MetadataToken>100663352</MetadataToken>
              <Name>System.Void FYP1_Module1_Version1._1.Models.conversation::set_idea(System.Int32)</Name>
              <FileRef uid="7" />
              <SequencePoints />
              <BranchPoints />
            </Method>
            <Method skippedDueTo="AutoImplementedProperty" visited="false" cyclomaticComplexity="1" nPathComplexity="0" sequenceCoverage="0" branchCoverage="0" crapScore="0" isConstructor="false" isStatic="false" isGetter="true" isSetter="false">
              <MetadataToken>100663353</MetadataToken>
              <Name>System.Int32 FYP1_Module1_Version1._1.Models.conversation::get_group()</Name>
              <FileRef uid="7" />
              <SequencePoints />
              <BranchPoints />
            </Method>
            <Method skippedDueTo="AutoImplementedProperty" visited="false" cyclomaticComplexity="1" nPathComplexity="0" sequenceCoverage="0" branchCoverage="0" crapScore="0" isConstructor="false" isStatic="false" isGetter="false" isSetter="true">
              <MetadataToken>100663354</MetadataToken>
              <Name>System.Void FYP1_Module1_Version1._1.Models.conversation::set_group(System.Int32)</Name>
              <FileRef uid="7" />
              <SequencePoints />
              <BranchPoints />
            </Method>
            <Method skippedDueTo="AutoImplementedProperty" visited="false" cyclomaticComplexity="1" nPathComplexity="0" sequenceCoverage="0" branchCoverage="0" crapScore="0" isConstructor="false" isStatic="false" isGetter="true" isSetter="false">
              <MetadataToken>100663355</MetadataToken>
              <Name>FYP1_Module1_Version1._1.Models.fyp_group FYP1_Module1_Version1._1.Models.conversation::get_fyp_group()</Name>
              <FileRef uid="7" />
              <SequencePoints />
              <BranchPoints />
            </Method>
            <Method skippedDueTo="AutoImplementedProperty" visited="false" cyclomaticComplexity="1" nPathComplexity="0" sequenceCoverage="0" branchCoverage="0" crapScore="0" isConstructor="false" isStatic="false" isGetter="false" isSetter="true">
              <MetadataToken>100663356</MetadataToken>
              <Name>System.Void FYP1_Module1_Version1._1.Models.conversation::set_fyp_group(FYP1_Module1_Version1._1.Models.fyp_group)</Name>
              <FileRef uid="7" />
              <SequencePoints />
              <BranchPoints />
            </Method>
            <Method skippedDueTo="AutoImplementedProperty" visited="false" cyclomaticComplexity="1" nPathComplexity="0" sequenceCoverage="0" branchCoverage="0" crapScore="0" isConstructor="false" isStatic="false" isGetter="true" isSetter="false">
              <MetadataToken>100663357</MetadataToken>
              <Name>FYP1_Module1_Version1._1.Models.idea FYP1_Module1_Version1._1.Models.conversation::get_idea1()</Name>
              <FileRef uid="7" />
              <SequencePoints />
              <BranchPoints />
            </Method>
            <Method skippedDueTo="AutoImplementedProperty" visited="false" cyclomaticComplexity="1" nPathComplexity="0" sequenceCoverage="0" branchCoverage="0" crapScore="0" isConstructor="false" isStatic="false" isGetter="false" isSetter="true">
              <MetadataToken>100663358</MetadataToken>
              <Name>System.Void FYP1_Module1_Version1._1.Models.conversation::set_idea1(FYP1_Module1_Version1._1.Models.idea)</Name>
              <FileRef uid="7" />
              <SequencePoints />
              <BranchPoints />
            </Method>
            <Method visited="false" cyclomaticComplexity="1" nPathComplexity="0" sequenceCoverage="0" branchCoverage="0" crapScore="2" isConstructor="true" isStatic="false" isGetter="false" isSetter="false">
              <Summary numSequencePoints="0" visitedSequencePoints="0" numBranchPoints="0" visitedBranchPoints="0" sequenceCoverage="0" branchCoverage="0" maxCyclomaticComplexity="1" minCyclomaticComplexity="1" maxCrapScore="2" minCrapScore="2" visitedClasses="0" numClasses="0" visitedMethods="0" numMethods="0" />
              <MetadataToken>100663359</MetadataToken>
              <Name>System.Void FYP1_Module1_Version1._1.Models.conversation::.ctor()</Name>
              <SequencePoints />
              <BranchPoints />
              <MethodPoint vc="0" uspid="54" ordinal="0" offset="0" />
            </Method>
          </Methods>
        </Class>
        <Class>
          <Summary numSequencePoints="5" visitedSequencePoints="3" numBranchPoints="2" visitedBranchPoints="1" sequenceCoverage="60" branchCoverage="50" maxCyclomaticComplexity="1" minCyclomaticComplexity="1" maxCrapScore="2" minCrapScore="1" visitedClasses="1" numClasses="1" visitedMethods="1" numMethods="2" />
          <FullName>FYP1_Module1_Version1._1.Models.fypEntities</FullName>
          <Methods>
            <Method skippedDueTo="AutoImplementedProperty" visited="false" cyclomaticComplexity="1" nPathComplexity="0" sequenceCoverage="0" branchCoverage="0" crapScore="0" isConstructor="false" isStatic="false" isGetter="true" isSetter="false">
              <MetadataToken>100663362</MetadataToken>
              <Name>System.Data.Entity.DbSet`1&lt;FYP1_Module1_Version1._1.Models.fyp_group&gt; FYP1_Module1_Version1._1.Models.fypEntities::get_fyp_group()</Name>
              <FileRef uid="8" />
              <SequencePoints />
              <BranchPoints />
            </Method>
            <Method skippedDueTo="AutoImplementedProperty" visited="false" cyclomaticComplexity="1" nPathComplexity="0" sequenceCoverage="0" branchCoverage="0" crapScore="0" isConstructor="false" isStatic="false" isGetter="false" isSetter="true">
              <MetadataToken>100663363</MetadataToken>
              <Name>System.Void FYP1_Module1_Version1._1.Models.fypEntities::set_fyp_group(System.Data.Entity.DbSet`1&lt;FYP1_Module1_Version1._1.Models.fyp_group&gt;)</Name>
              <FileRef uid="8" />
              <SequencePoints />
              <BranchPoints />
            </Method>
            <Method skippedDueTo="AutoImplementedProperty" visited="false" cyclomaticComplexity="1" nPathComplexity="0" sequenceCoverage="0" branchCoverage="0" crapScore="0" isConstructor="false" isStatic="false" isGetter="true" isSetter="false">
              <MetadataToken>100663364</MetadataToken>
              <Name>System.Data.Entity.DbSet`1&lt;FYP1_Module1_Version1._1.Models.student&gt; FYP1_Module1_Version1._1.Models.fypEntities::get_students()</Name>
              <FileRef uid="8" />
              <SequencePoints />
              <BranchPoints />
            </Method>
            <Method skippedDueTo="AutoImplementedProperty" visited="false" cyclomaticComplexity="1" nPathComplexity="0" sequenceCoverage="0" branchCoverage="0" crapScore="0" isConstructor="false" isStatic="false" isGetter="false" isSetter="true">
              <MetadataToken>100663365</MetadataToken>
              <Name>System.Void FYP1_Module1_Version1._1.Models.fypEntities::set_students(System.Data.Entity.DbSet`1&lt;FYP1_Module1_Version1._1.Models.student&gt;)</Name>
              <FileRef uid="8" />
              <SequencePoints />
              <BranchPoints />
            </Method>
            <Method skippedDueTo="AutoImplementedProperty" visited="false" cyclomaticComplexity="1" nPathComplexity="0" sequenceCoverage="0" branchCoverage="0" crapScore="0" isConstructor="false" isStatic="false" isGetter="true" isSetter="false">
              <MetadataToken>100663366</MetadataToken>
              <Name>System.Data.Entity.DbSet`1&lt;FYP1_Module1_Version1._1.Models.teacher&gt; FYP1_Module1_Version1._1.Models.fypEntities::get_teachers()</Name>
              <FileRef uid="8" />
              <SequencePoints />
              <BranchPoints />
            </Method>
            <Method skippedDueTo="AutoImplementedProperty" visited="false" cyclomaticComplexity="1" nPathComplexity="0" sequenceCoverage="0" branchCoverage="0" crapScore="0" isConstructor="false" isStatic="false" isGetter="false" isSetter="true">
              <MetadataToken>100663367</MetadataToken>
              <Name>System.Void FYP1_Module1_Version1._1.Models.fypEntities::set_teachers(System.Data.Entity.DbSet`1&lt;FYP1_Module1_Version1._1.Models.teacher&gt;)</Name>
              <FileRef uid="8" />
              <SequencePoints />
              <BranchPoints />
            </Method>
            <Method skippedDueTo="AutoImplementedProperty" visited="false" cyclomaticComplexity="1" nPathComplexity="0" sequenceCoverage="0" branchCoverage="0" crapScore="0" isConstructor="false" isStatic="false" isGetter="true" isSetter="false">
              <MetadataToken>100663368</MetadataToken>
              <Name>System.Data.Entity.DbSet`1&lt;FYP1_Module1_Version1._1.Models.conversation&gt; FYP1_Module1_Version1._1.Models.fypEntities::get_conversations()</Name>
              <FileRef uid="8" />
              <SequencePoints />
              <BranchPoints />
            </Method>
            <Method skippedDueTo="AutoImplementedProperty" visited="false" cyclomaticComplexity="1" nPathComplexity="0" sequenceCoverage="0" branchCoverage="0" crapScore="0" isConstructor="false" isStatic="false" isGetter="false" isSetter="true">
              <MetadataToken>100663369</MetadataToken>
              <Name>System.Void FYP1_Module1_Version1._1.Models.fypEntities::set_conversations(System.Data.Entity.DbSet`1&lt;FYP1_Module1_Version1._1.Models.conversation&gt;)</Name>
              <FileRef uid="8" />
              <SequencePoints />
              <BranchPoints />
            </Method>
            <Method skippedDueTo="AutoImplementedProperty" visited="false" cyclomaticComplexity="1" nPathComplexity="0" sequenceCoverage="0" branchCoverage="0" crapScore="0" isConstructor="false" isStatic="false" isGetter="true" isSetter="false">
              <MetadataToken>100663370</MetadataToken>
              <Name>System.Data.Entity.DbSet`1&lt;FYP1_Module1_Version1._1.Models.milestone&gt; FYP1_Module1_Version1._1.Models.fypEntities::get_milestones()</Name>
              <FileRef uid="8" />
              <SequencePoints />
              <BranchPoints />
            </Method>
            <Method skippedDueTo="AutoImplementedProperty" visited="false" cyclomaticComplexity="1" nPathComplexity="0" sequenceCoverage="0" branchCoverage="0" crapScore="0" isConstructor="false" isStatic="false" isGetter="false" isSetter="true">
              <MetadataToken>100663371</MetadataToken>
              <Name>System.Void FYP1_Module1_Version1._1.Models.fypEntities::set_milestones(System.Data.Entity.DbSet`1&lt;FYP1_Module1_Version1._1.Models.milestone&gt;)</Name>
              <FileRef uid="8" />
              <SequencePoints />
              <BranchPoints />
            </Method>
            <Method skippedDueTo="AutoImplementedProperty" visited="false" cyclomaticComplexity="1" nPathComplexity="0" sequenceCoverage="0" branchCoverage="0" crapScore="0" isConstructor="false" isStatic="false" isGetter="true" isSetter="false">
              <MetadataToken>100663372</MetadataToken>
              <Name>System.Data.Entity.DbSet`1&lt;FYP1_Module1_Version1._1.Models.notification&gt; FYP1_Module1_Version1._1.Models.fypEntities::get_notifications()</Name>
              <FileRef uid="8" />
              <SequencePoints />
              <BranchPoints />
            </Method>
            <Method skippedDueTo="AutoImplementedProperty" visited="false" cyclomaticComplexity="1" nPathComplexity="0" sequenceCoverage="0" branchCoverage="0" crapScore="0" isConstructor="false" isStatic="false" isGetter="false" isSetter="true">
              <MetadataToken>100663373</MetadataToken>
              <Name>System.Void FYP1_Module1_Version1._1.Models.fypEntities::set_notifications(System.Data.Entity.DbSet`1&lt;FYP1_Module1_Version1._1.Models.notification&gt;)</Name>
              <FileRef uid="8" />
              <SequencePoints />
              <BranchPoints />
            </Method>
            <Method skippedDueTo="AutoImplementedProperty" visited="false" cyclomaticComplexity="1" nPathComplexity="0" sequenceCoverage="0" branchCoverage="0" crapScore="0" isConstructor="false" isStatic="false" isGetter="true" isSetter="false">
              <MetadataToken>100663374</MetadataToken>
              <Name>System.Data.Entity.DbSet`1&lt;FYP1_Module1_Version1._1.Models.registration&gt; FYP1_Module1_Version1._1.Models.fypEntities::get_registrations()</Name>
              <FileRef uid="8" />
              <SequencePoints />
              <BranchPoints />
            </Method>
            <Method skippedDueTo="AutoImplementedProperty" visited="false" cyclomaticComplexity="1" nPathComplexity="0" sequenceCoverage="0" branchCoverage="0" crapScore="0" isConstructor="false" isStatic="false" isGetter="false" isSetter="true">
              <MetadataToken>100663375</MetadataToken>
              <Name>System.Void FYP1_Module1_Version1._1.Models.fypEntities::set_registrations(System.Data.Entity.DbSet`1&lt;FYP1_Module1_Version1._1.Models.registration&gt;)</Name>
              <FileRef uid="8" />
              <SequencePoints />
              <BranchPoints />
            </Method>
            <Method skippedDueTo="AutoImplementedProperty" visited="false" cyclomaticComplexity="1" nPathComplexity="0" sequenceCoverage="0" branchCoverage="0" crapScore="0" isConstructor="false" isStatic="false" isGetter="true" isSetter="false">
              <MetadataToken>100663376</MetadataToken>
              <Name>System.Data.Entity.DbSet`1&lt;FYP1_Module1_Version1._1.Models.iteration&gt; FYP1_Module1_Version1._1.Models.fypEntities::get_iterations()</Name>
              <FileRef uid="8" />
              <SequencePoints />
              <BranchPoints />
            </Method>
            <Method skippedDueTo="AutoImplementedProperty" visited="false" cyclomaticComplexity="1" nPathComplexity="0" sequenceCoverage="0" branchCoverage="0" crapScore="0" isConstructor="false" isStatic="false" isGetter="false" isSetter="true">
              <MetadataToken>100663377</MetadataToken>
              <Name>System.Void FYP1_Module1_Version1._1.Models.fypEntities::set_iterations(System.Data.Entity.DbSet`1&lt;FYP1_Module1_Version1._1.Models.iteration&gt;)</Name>
              <FileRef uid="8" />
              <SequencePoints />
              <BranchPoints />
            </Method>
            <Method skippedDueTo="AutoImplementedProperty" visited="false" cyclomaticComplexity="1" nPathComplexity="0" sequenceCoverage="0" branchCoverage="0" crapScore="0" isConstructor="false" isStatic="false" isGetter="true" isSetter="false">
              <MetadataToken>100663378</MetadataToken>
              <Name>System.Data.Entity.DbSet`1&lt;FYP1_Module1_Version1._1.Models.idea&gt; FYP1_Module1_Version1._1.Models.fypEntities::get_ideas()</Name>
              <FileRef uid="8" />
              <SequencePoints />
              <BranchPoints />
            </Method>
            <Method skippedDueTo="AutoImplementedProperty" visited="false" cyclomaticComplexity="1" nPathComplexity="0" sequenceCoverage="0" branchCoverage="0" crapScore="0" isConstructor="false" isStatic="false" isGetter="false" isSetter="true">
              <MetadataToken>100663379</MetadataToken>
              <Name>System.Void FYP1_Module1_Version1._1.Models.fypEntities::set_ideas(System.Data.Entity.DbSet`1&lt;FYP1_Module1_Version1._1.Models.idea&gt;)</Name>
              <FileRef uid="8" />
              <SequencePoints />
              <BranchPoints />
            </Method>
            <Method visited="true" cyclomaticComplexity="1" nPathComplexity="0" sequenceCoverage="100" branchCoverage="100" crapScore="1" isConstructor="true" isStatic="false" isGetter="false" isSetter="false">
              <Summary numSequencePoints="3" visitedSequencePoints="3" numBranchPoints="1" visitedBranchPoints="1" sequenceCoverage="100" branchCoverage="100" maxCyclomaticComplexity="1" minCyclomaticComplexity="1" maxCrapScore="1" minCrapScore="1" visitedClasses="0" numClasses="0" visitedMethods="1" numMethods="1" />
              <MetadataToken>100663360</MetadataToken>
              <Name>System.Void FYP1_Module1_Version1._1.Models.fypEntities::.ctor()</Name>
              <FileRef uid="8" />
              <SequencePoints>
                <SequencePoint vc="1" uspid="55" ordinal="0" offset="0" sl="19" sc="15" el="19" ec="39" bec="0" bev="0" fileid="8" />
                <SequencePoint vc="1" uspid="56" ordinal="1" offset="12" sl="20" sc="9" el="20" ec="10" bec="0" bev="0" fileid="8" />
                <SequencePoint vc="1" uspid="57" ordinal="2" offset="13" sl="21" sc="9" el="21" ec="10" bec="0" bev="0" fileid="8" />
              </SequencePoints>
              <BranchPoints />
              <MethodPoint xsi:type="SequencePoint" vc="1" uspid="55" ordinal="0" offset="0" sl="19" sc="15" el="19" ec="39" bec="0" bev="0" fileid="8" />
            </Method>
            <Method visited="false" cyclomaticComplexity="1" nPathComplexity="0" sequenceCoverage="0" branchCoverage="0" crapScore="2" isConstructor="false" isStatic="false" isGetter="false" isSetter="false">
              <Summary numSequencePoints="2" visitedSequencePoints="0" numBranchPoints="1" visitedBranchPoints="0" sequenceCoverage="0" branchCoverage="0" maxCyclomaticComplexity="1" minCyclomaticComplexity="1" maxCrapScore="2" minCrapScore="2" visitedClasses="0" numClasses="0" visitedMethods="0" numMethods="1" />
              <MetadataToken>100663361</MetadataToken>
              <Name>System.Void FYP1_Module1_Version1._1.Models.fypEntities::OnModelCreating(System.Data.Entity.DbModelBuilder)</Name>
              <FileRef uid="8" />
              <SequencePoints>
                <SequencePoint vc="0" uspid="58" ordinal="0" offset="0" sl="24" sc="9" el="24" ec="10" bec="0" bev="0" fileid="8" />
                <SequencePoint vc="0" uspid="59" ordinal="1" offset="1" sl="25" sc="13" el="25" ec="57" bec="0" bev="0" fileid="8" />
              </SequencePoints>
              <BranchPoints />
              <MethodPoint xsi:type="SequencePoint" vc="0" uspid="58" ordinal="0" offset="0" sl="24" sc="9" el="24" ec="10" bec="0" bev="0" fileid="8" />
            </Method>
          </Methods>
        </Class>
        <Class>
          <Summary numSequencePoints="6" visitedSequencePoints="0" numBranchPoints="1" visitedBranchPoints="0" sequenceCoverage="0" branchCoverage="0" maxCyclomaticComplexity="1" minCyclomaticComplexity="1" maxCrapScore="2" minCrapScore="2" visitedClasses="0" numClasses="1" visitedMethods="0" numMethods="1" />
          <FullName>FYP1_Module1_Version1._1.Models.fyp_group</FullName>
          <Methods>
            <Method skippedDueTo="AutoImplementedProperty" visited="false" cyclomaticComplexity="1" nPathComplexity="0" sequenceCoverage="0" branchCoverage="0" crapScore="0" isConstructor="false" isStatic="false" isGetter="true" isSetter="false">
              <MetadataToken>100663381</MetadataToken>
              <Name>System.Int32 FYP1_Module1_Version1._1.Models.fyp_group::get_group_id()</Name>
              <FileRef uid="9" />
              <SequencePoints />
              <BranchPoints />
            </Method>
            <Method skippedDueTo="AutoImplementedProperty" visited="false" cyclomaticComplexity="1" nPathComplexity="0" sequenceCoverage="0" branchCoverage="0" crapScore="0" isConstructor="false" isStatic="false" isGetter="false" isSetter="true">
              <MetadataToken>100663382</MetadataToken>
              <Name>System.Void FYP1_Module1_Version1._1.Models.fyp_group::set_group_id(System.Int32)</Name>
              <FileRef uid="9" />
              <SequencePoints />
              <BranchPoints />
            </Method>
            <Method skippedDueTo="AutoImplementedProperty" visited="false" cyclomaticComplexity="1" nPathComplexity="0" sequenceCoverage="0" branchCoverage="0" crapScore="0" isConstructor="false" isStatic="false" isGetter="true" isSetter="false">
              <MetadataToken>100663383</MetadataToken>
              <Name>System.Int32 FYP1_Module1_Version1._1.Models.fyp_group::get_group_member1()</Name>
              <FileRef uid="9" />
              <SequencePoints />
              <BranchPoints />
            </Method>
            <Method skippedDueTo="AutoImplementedProperty" visited="false" cyclomaticComplexity="1" nPathComplexity="0" sequenceCoverage="0" branchCoverage="0" crapScore="0" isConstructor="false" isStatic="false" isGetter="false" isSetter="true">
              <MetadataToken>100663384</MetadataToken>
              <Name>System.Void FYP1_Module1_Version1._1.Models.fyp_group::set_group_member1(System.Int32)</Name>
              <FileRef uid="9" />
              <SequencePoints />
              <BranchPoints />
            </Method>
            <Method skippedDueTo="AutoImplementedProperty" visited="false" cyclomaticComplexity="1" nPathComplexity="0" sequenceCoverage="0" branchCoverage="0" crapScore="0" isConstructor="false" isStatic="false" isGetter="true" isSetter="false">
              <MetadataToken>100663385</MetadataToken>
              <Name>System.Int32 FYP1_Module1_Version1._1.Models.fyp_group::get_group_member2()</Name>
              <FileRef uid="9" />
              <SequencePoints />
              <BranchPoints />
            </Method>
            <Method skippedDueTo="AutoImplementedProperty" visited="false" cyclomaticComplexity="1" nPathComplexity="0" sequenceCoverage="0" branchCoverage="0" crapScore="0" isConstructor="false" isStatic="false" isGetter="false" isSetter="true">
              <MetadataToken>100663386</MetadataToken>
              <Name>System.Void FYP1_Module1_Version1._1.Models.fyp_group::set_group_member2(System.Int32)</Name>
              <FileRef uid="9" />
              <SequencePoints />
              <BranchPoints />
            </Method>
            <Method skippedDueTo="AutoImplementedProperty" visited="false" cyclomaticComplexity="1" nPathComplexity="0" sequenceCoverage="0" branchCoverage="0" crapScore="0" isConstructor="false" isStatic="false" isGetter="true" isSetter="false">
              <MetadataToken>100663387</MetadataToken>
              <Name>System.Int32 FYP1_Module1_Version1._1.Models.fyp_group::get_group_member3()</Name>
              <FileRef uid="9" />
              <SequencePoints />
              <BranchPoints />
            </Method>
            <Method skippedDueTo="AutoImplementedProperty" visited="false" cyclomaticComplexity="1" nPathComplexity="0" sequenceCoverage="0" branchCoverage="0" crapScore="0" isConstructor="false" isStatic="false" isGetter="false" isSetter="true">
              <MetadataToken>100663388</MetadataToken>
              <Name>System.Void FYP1_Module1_Version1._1.Models.fyp_group::set_group_member3(System.Int32)</Name>
              <FileRef uid="9" />
              <SequencePoints />
              <BranchPoints />
            </Method>
            <Method skippedDueTo="AutoImplementedProperty" visited="false" cyclomaticComplexity="1" nPathComplexity="0" sequenceCoverage="0" branchCoverage="0" crapScore="0" isConstructor="false" isStatic="false" isGetter="true" isSetter="false">
              <MetadataToken>100663389</MetadataToken>
              <Name>System.Collections.Generic.List`1&lt;FYP1_Module1_Version1._1.Models.student&gt; FYP1_Module1_Version1._1.Models.fyp_group::get_students()</Name>
              <FileRef uid="9" />
              <SequencePoints />
              <BranchPoints />
            </Method>
            <Method skippedDueTo="AutoImplementedProperty" visited="false" cyclomaticComplexity="1" nPathComplexity="0" sequenceCoverage="0" branchCoverage="0" crapScore="0" isConstructor="false" isStatic="false" isGetter="false" isSetter="true">
              <MetadataToken>100663390</MetadataToken>
              <Name>System.Void FYP1_Module1_Version1._1.Models.fyp_group::set_students(System.Collections.Generic.List`1&lt;FYP1_Module1_Version1._1.Models.student&gt;)</Name>
              <FileRef uid="9" />
              <SequencePoints />
              <BranchPoints />
            </Method>
            <Method skippedDueTo="AutoImplementedProperty" visited="false" cyclomaticComplexity="1" nPathComplexity="0" sequenceCoverage="0" branchCoverage="0" crapScore="0" isConstructor="false" isStatic="false" isGetter="true" isSetter="false">
              <MetadataToken>100663391</MetadataToken>
              <Name>FYP1_Module1_Version1._1.Models.student FYP1_Module1_Version1._1.Models.fyp_group::get_student()</Name>
              <FileRef uid="9" />
              <SequencePoints />
              <BranchPoints />
            </Method>
            <Method skippedDueTo="AutoImplementedProperty" visited="false" cyclomaticComplexity="1" nPathComplexity="0" sequenceCoverage="0" branchCoverage="0" crapScore="0" isConstructor="false" isStatic="false" isGetter="false" isSetter="true">
              <MetadataToken>100663392</MetadataToken>
              <Name>System.Void FYP1_Module1_Version1._1.Models.fyp_group::set_student(FYP1_Module1_Version1._1.Models.student)</Name>
              <FileRef uid="9" />
              <SequencePoints />
              <BranchPoints />
            </Method>
            <Method skippedDueTo="AutoImplementedProperty" visited="false" cyclomaticComplexity="1" nPathComplexity="0" sequenceCoverage="0" branchCoverage="0" crapScore="0" isConstructor="false" isStatic="false" isGetter="true" isSetter="false">
              <MetadataToken>100663393</MetadataToken>
              <Name>FYP1_Module1_Version1._1.Models.student FYP1_Module1_Version1._1.Models.fyp_group::get_student1()</Name>
              <FileRef uid="9" />
              <SequencePoints />
              <BranchPoints />
            </Method>
            <Method skippedDueTo="AutoImplementedProperty" visited="false" cyclomaticComplexity="1" nPathComplexity="0" sequenceCoverage="0" branchCoverage="0" crapScore="0" isConstructor="false" isStatic="false" isGetter="false" isSetter="true">
              <MetadataToken>100663394</MetadataToken>
[...]
                <SequencePoint vc="0" uspid="1883" ordinal="4" offset="15" sl="210" sc="17" el="210" ec="29" bec="2" bev="0" fileid="21" />
                <SequencePoint vc="0" uspid="1884" ordinal="5" offset="23" sl="211" sc="17" el="211" ec="18" bec="0" bev="0" fileid="21" />
                <SequencePoint vc="0" uspid="1885" ordinal="6" offset="24" sl="212" sc="21" el="212" ec="61" bec="0" bev="0" fileid="21" />
                <SequencePoint vc="0" uspid="1886" ordinal="7" offset="36" sl="213" sc="21" el="213" ec="46" bec="0" bev="0" fileid="21" />
                <SequencePoint vc="0" uspid="1887" ordinal="8" offset="48" sl="214" sc="21" el="214" ec="72" bec="0" bev="0" fileid="21" />
                <SequencePoint vc="0" uspid="1888" ordinal="9" offset="77" sl="216" sc="17" el="216" ec="18" bec="0" bev="0" fileid="21" />
                <SequencePoint vc="0" uspid="1889" ordinal="10" offset="80" sl="217" sc="22" el="217" ec="34" bec="2" bev="0" fileid="21" />
                <SequencePoint vc="0" uspid="1890" ordinal="11" offset="88" sl="218" sc="17" el="218" ec="18" bec="0" bev="0" fileid="21" />
                <SequencePoint vc="0" uspid="1891" ordinal="12" offset="89" sl="219" sc="21" el="219" ec="64" bec="0" bev="0" fileid="21" />
                <SequencePoint vc="0" uspid="1892" ordinal="13" offset="101" sl="220" sc="21" el="220" ec="46" bec="0" bev="0" fileid="21" />
                <SequencePoint vc="0" uspid="1893" ordinal="14" offset="113" sl="221" sc="21" el="221" ec="74" bec="0" bev="0" fileid="21" />
                <SequencePoint vc="0" uspid="1894" ordinal="15" offset="142" sl="223" sc="17" el="223" ec="18" bec="0" bev="0" fileid="21" />
                <SequencePoint vc="0" uspid="1895" ordinal="16" offset="143" sl="224" sc="17" el="224" ec="22" bec="0" bev="0" fileid="21" />
                <SequencePoint vc="0" uspid="1896" ordinal="17" offset="151" sl="225" sc="13" el="225" ec="14" bec="0" bev="0" fileid="21" />
                <SequencePoint vc="0" uspid="1897" ordinal="18" offset="152" sl="206" sc="13" el="206" ec="27" bec="2" bev="0" fileid="21" />
                <SequencePoint vc="0" uspid="1898" ordinal="19" offset="165" sl="226" sc="9" el="226" ec="10" bec="0" bev="0" fileid="21" />
              </SequencePoints>
              <BranchPoints>
                <BranchPoint vc="0" uspid="1899" ordinal="0" offset="21" sl="210" path="0" offsetend="23" fileid="21" />
                <BranchPoint vc="0" uspid="1900" ordinal="1" offset="21" sl="210" path="1" offsetend="80" fileid="21" />
                <BranchPoint vc="0" uspid="1901" ordinal="2" offset="86" sl="217" path="0" offsetend="88" fileid="21" />
                <BranchPoint vc="0" uspid="1902" ordinal="3" offset="86" sl="217" path="1" offsetend="143" fileid="21" />
                <BranchPoint vc="0" uspid="1903" ordinal="4" offset="160" sl="206" path="0" offsetend="165" fileid="21" />
                <BranchPoint vc="0" uspid="1904" ordinal="5" offset="160" sl="206" path="1" offsetend="14" fileid="21" />
              </BranchPoints>
              <MethodPoint xsi:type="SequencePoint" vc="0" uspid="1879" ordinal="0" offset="0" sl="202" sc="9" el="202" ec="10" bec="0" bev="0" fileid="21" />
            </Method>
            <Method visited="false" cyclomaticComplexity="1" nPathComplexity="0" sequenceCoverage="0" branchCoverage="0" crapScore="2" isConstructor="false" isStatic="false" isGetter="false" isSetter="false">
              <Summary numSequencePoints="7" visitedSequencePoints="0" numBranchPoints="1" visitedBranchPoints="0" sequenceCoverage="0" branchCoverage="0" maxCyclomaticComplexity="1" minCyclomaticComplexity="1" maxCrapScore="2" minCrapScore="2" visitedClasses="0" numClasses="0" visitedMethods="0" numMethods="1" />
              <MetadataToken>100663613</MetadataToken>
              <Name>System.Void FYP1_Module1_Version1._1.Controllers.TestController::RegisterSupervisorTest()</Name>
              <FileRef uid="21" />
              <SequencePoints>
                <SequencePoint vc="0" uspid="1905" ordinal="0" offset="0" sl="229" sc="9" el="229" ec="10" bec="0" bev="0" fileid="21" />
                <SequencePoint vc="0" uspid="1906" ordinal="1" offset="1" sl="230" sc="13" el="230" ec="40" bec="0" bev="0" fileid="21" />
                <SequencePoint vc="0" uspid="1907" ordinal="2" offset="7" sl="231" sc="13" el="231" ec="31" bec="0" bev="0" fileid="21" />
                <SequencePoint vc="0" uspid="1908" ordinal="3" offset="19" sl="232" sc="13" el="232" ec="41" bec="0" bev="0" fileid="21" />
                <SequencePoint vc="0" uspid="1909" ordinal="4" offset="31" sl="233" sc="13" el="233" ec="42" bec="0" bev="0" fileid="21" />
                <SequencePoint vc="0" uspid="1910" ordinal="5" offset="43" sl="235" sc="13" el="235" ec="62" bec="0" bev="0" fileid="21" />
                <SequencePoint vc="0" uspid="1911" ordinal="6" offset="72" sl="236" sc="9" el="236" ec="10" bec="0" bev="0" fileid="21" />
              </SequencePoints>
              <BranchPoints />
              <MethodPoint xsi:type="SequencePoint" vc="0" uspid="1905" ordinal="0" offset="0" sl="229" sc="9" el="229" ec="10" bec="0" bev="0" fileid="21" />
            </Method>
            <Method visited="false" cyclomaticComplexity="4" nPathComplexity="8" sequenceCoverage="0" branchCoverage="0" crapScore="20" isConstructor="false" isStatic="false" isGetter="false" isSetter="false">
              <Summary numSequencePoints="23" visitedSequencePoints="0" numBranchPoints="7" visitedBranchPoints="0" sequenceCoverage="0" branchCoverage="0" maxCyclomaticComplexity="4" minCyclomaticComplexity="4" maxCrapScore="20" minCrapScore="20" visitedClasses="0" numClasses="0" visitedMethods="0" numMethods="1" />
              <MetadataToken>100663614</MetadataToken>
              <Name>System.Void FYP1_Module1_Version1._1.Controllers.TestController::makegroupTest()</Name>
              <FileRef uid="21" />
              <SequencePoints>
                <SequencePoint vc="0" uspid="1912" ordinal="0" offset="0" sl="239" sc="9" el="239" ec="10" bec="0" bev="0" fileid="21" />
                <SequencePoint vc="0" uspid="1913" ordinal="1" offset="1" sl="241" sc="13" el="241" ec="24" bec="0" bev="0" fileid="21" />
                <SequencePoint vc="0" uspid="1914" ordinal="2" offset="8" sl="243" sc="13" el="243" ec="14" bec="0" bev="0" fileid="21" />
                <SequencePoint vc="0" uspid="1915" ordinal="3" offset="9" sl="244" sc="17" el="244" ec="29" bec="2" bev="0" fileid="21" />
                <SequencePoint vc="0" uspid="1916" ordinal="4" offset="17" sl="245" sc="17" el="245" ec="18" bec="0" bev="0" fileid="21" />
                <SequencePoint vc="0" uspid="1917" ordinal="5" offset="18" sl="246" sc="21" el="246" ec="52" bec="0" bev="0" fileid="21" />
                <SequencePoint vc="0" uspid="1918" ordinal="6" offset="24" sl="247" sc="21" el="247" ec="44" bec="0" bev="0" fileid="21" />
                <SequencePoint vc="0" uspid="1919" ordinal="7" offset="33" sl="248" sc="21" el="248" ec="43" bec="0" bev="0" fileid="21" />
                <SequencePoint vc="0" uspid="1920" ordinal="8" offset="42" sl="249" sc="21" el="249" ec="43" bec="0" bev="0" fileid="21" />
                <SequencePoint vc="0" uspid="1921" ordinal="9" offset="51" sl="250" sc="21" el="250" ec="65" bec="0" bev="0" fileid="21" />
                <SequencePoint vc="0" uspid="1922" ordinal="10" offset="80" sl="252" sc="17" el="252" ec="18" bec="0" bev="0" fileid="21" />
                <SequencePoint vc="0" uspid="1923" ordinal="11" offset="83" sl="253" sc="22" el="253" ec="34" bec="2" bev="0" fileid="21" />
                <SequencePoint vc="0" uspid="1924" ordinal="12" offset="91" sl="254" sc="17" el="254" ec="18" bec="0" bev="0" fileid="21" />
                <SequencePoint vc="0" uspid="1925" ordinal="13" offset="92" sl="255" sc="21" el="255" ec="52" bec="0" bev="0" fileid="21" />
                <SequencePoint vc="0" uspid="1926" ordinal="14" offset="99" sl="256" sc="21" el="256" ec="42" bec="0" bev="0" fileid="21" />
                <SequencePoint vc="0" uspid="1927" ordinal="15" offset="108" sl="257" sc="21" el="257" ec="42" bec="0" bev="0" fileid="21" />
                <SequencePoint vc="0" uspid="1928" ordinal="16" offset="117" sl="258" sc="21" el="258" ec="42" bec="0" bev="0" fileid="21" />
                <SequencePoint vc="0" uspid="1929" ordinal="17" offset="126" sl="259" sc="21" el="259" ec="69" bec="0" bev="0" fileid="21" />
                <SequencePoint vc="0" uspid="1930" ordinal="18" offset="156" sl="261" sc="17" el="261" ec="18" bec="0" bev="0" fileid="21" />
                <SequencePoint vc="0" uspid="1931" ordinal="19" offset="157" sl="263" sc="17" el="263" ec="22" bec="0" bev="0" fileid="21" />
                <SequencePoint vc="0" uspid="1932" ordinal="20" offset="165" sl="264" sc="13" el="264" ec="14" bec="0" bev="0" fileid="21" />
                <SequencePoint vc="0" uspid="1933" ordinal="21" offset="166" sl="242" sc="13" el="242" ec="27" bec="2" bev="0" fileid="21" />
                <SequencePoint vc="0" uspid="1934" ordinal="22" offset="179" sl="266" sc="9" el="266" ec="10" bec="0" bev="0" fileid="21" />
              </SequencePoints>
              <BranchPoints>
                <BranchPoint vc="0" uspid="1935" ordinal="0" offset="15" sl="244" path="0" offsetend="17" fileid="21" />
                <BranchPoint vc="0" uspid="1936" ordinal="1" offset="15" sl="244" path="1" offsetend="83" fileid="21" />
                <BranchPoint vc="0" uspid="1937" ordinal="2" offset="89" sl="253" path="0" offsetend="91" fileid="21" />
                <BranchPoint vc="0" uspid="1938" ordinal="3" offset="89" sl="253" path="1" offsetend="157" fileid="21" />
                <BranchPoint vc="0" uspid="1939" ordinal="4" offset="174" sl="242" path="0" offsetend="179" fileid="21" />
                <BranchPoint vc="0" uspid="1940" ordinal="5" offset="174" sl="242" path="1" offsetend="8" fileid="21" />
              </BranchPoints>
              <MethodPoint xsi:type="SequencePoint" vc="0" uspid="1912" ordinal="0" offset="0" sl="239" sc="9" el="239" ec="10" bec="0" bev="0" fileid="21" />
            </Method>
            <Method visited="false" cyclomaticComplexity="4" nPathComplexity="8" sequenceCoverage="0" branchCoverage="0" crapScore="20" isConstructor="false" isStatic="false" isGetter="false" isSetter="false">
              <Summary numSequencePoints="37" visitedSequencePoints="0" numBranchPoints="7" visitedBranchPoints="0" sequenceCoverage="0" branchCoverage="0" maxCyclomaticComplexity="4" minCyclomaticComplexity="4" maxCrapScore="20" minCrapScore="20" visitedClasses="0" numClasses="0" visitedMethods="0" numMethods="1" />
              <MetadataToken>100663615</MetadataToken>
              <Name>System.Void FYP1_Module1_Version1._1.Controllers.TestController::registrationTest1()</Name>
              <FileRef uid="21" />
              <SequencePoints>
                <SequencePoint vc="0" uspid="1941" ordinal="0" offset="0" sl="268" sc="41" el="268" ec="42" bec="0" bev="0" fileid="21" />
                <SequencePoint vc="0" uspid="1942" ordinal="1" offset="1" sl="270" sc="13" el="270" ec="50" bec="0" bev="0" fileid="21" />
                <SequencePoint vc="0" uspid="1943" ordinal="2" offset="7" sl="272" sc="13" el="272" ec="24" bec="0" bev="0" fileid="21" />
                <SequencePoint vc="0" uspid="1944" ordinal="3" offset="14" sl="274" sc="13" el="274" ec="14" bec="0" bev="0" fileid="21" />
                <SequencePoint vc="0" uspid="1945" ordinal="4" offset="15" sl="275" sc="17" el="275" ec="29" bec="2" bev="0" fileid="21" />
                <SequencePoint vc="0" uspid="1946" ordinal="5" offset="26" sl="276" sc="17" el="276" ec="18" bec="0" bev="0" fileid="21" />
                <SequencePoint vc="0" uspid="1947" ordinal="6" offset="27" sl="277" sc="21" el="277" ec="42" bec="0" bev="0" fileid="21" />
                <SequencePoint vc="0" uspid="1948" ordinal="7" offset="33" sl="278" sc="21" el="278" ec="31" bec="0" bev="0" fileid="21" />
                <SequencePoint vc="0" uspid="1949" ordinal="8" offset="41" sl="279" sc="21" el="279" ec="58" bec="0" bev="0" fileid="21" />
                <SequencePoint vc="0" uspid="1950" ordinal="9" offset="53" sl="280" sc="21" el="280" ec="57" bec="0" bev="0" fileid="21" />
                <SequencePoint vc="0" uspid="1951" ordinal="10" offset="65" sl="281" sc="21" el="281" ec="50" bec="0" bev="0" fileid="21" />
                <SequencePoint vc="0" uspid="1952" ordinal="11" offset="77" sl="283" sc="21" el="283" ec="52" bec="0" bev="0" fileid="21" />
                <SequencePoint vc="0" uspid="1953" ordinal="12" offset="84" sl="284" sc="21" el="284" ec="37" bec="0" bev="0" fileid="21" />
                <SequencePoint vc="0" uspid="1954" ordinal="13" offset="93" sl="285" sc="21" el="285" ec="42" bec="0" bev="0" fileid="21" />
                <SequencePoint vc="0" uspid="1955" ordinal="14" offset="102" sl="286" sc="21" el="286" ec="42" bec="0" bev="0" fileid="21" />
                <SequencePoint vc="0" uspid="1956" ordinal="15" offset="111" sl="287" sc="21" el="287" ec="42" bec="0" bev="0" fileid="21" />
                <SequencePoint vc="0" uspid="1957" ordinal="16" offset="120" sl="289" sc="21" el="289" ec="48" bec="0" bev="0" fileid="21" />
                <SequencePoint vc="0" uspid="1958" ordinal="17" offset="127" sl="290" sc="21" el="290" ec="31" bec="0" bev="0" fileid="21" />
                <SequencePoint vc="0" uspid="1959" ordinal="18" offset="136" sl="291" sc="21" el="291" ec="50" bec="0" bev="0" fileid="21" />
                <SequencePoint vc="0" uspid="1960" ordinal="19" offset="149" sl="292" sc="21" el="292" ec="39" bec="0" bev="0" fileid="21" />
                <SequencePoint vc="0" uspid="1961" ordinal="20" offset="162" sl="294" sc="20" el="294" ec="42" bec="0" bev="0" fileid="21" />
                <SequencePoint vc="0" uspid="1962" ordinal="21" offset="170" sl="295" sc="21" el="295" ec="52" bec="0" bev="0" fileid="21" />
                <SequencePoint vc="0" uspid="1963" ordinal="22" offset="182" sl="296" sc="21" el="296" ec="63" bec="0" bev="0" fileid="21" />
                <SequencePoint vc="0" uspid="1964" ordinal="23" offset="194" sl="299" sc="21" el="299" ec="37" bec="0" bev="0" fileid="21" />
                <SequencePoint vc="0" uspid="1965" ordinal="24" offset="207" sl="300" sc="21" el="300" ec="47" bec="0" bev="0" fileid="21" />
                <SequencePoint vc="0" uspid="1966" ordinal="25" offset="221" sl="301" sc="21" el="301" ec="43" bec="0" bev="0" fileid="21" />
                <SequencePoint vc="0" uspid="1967" ordinal="26" offset="235" sl="302" sc="21" el="302" ec="36" bec="0" bev="0" fileid="21" />
                <SequencePoint vc="0" uspid="1968" ordinal="27" offset="243" sl="303" sc="21" el="303" ec="68" bec="0" bev="0" fileid="21" />
                <SequencePoint vc="0" uspid="1969" ordinal="28" offset="272" sl="306" sc="17" el="306" ec="18" bec="0" bev="0" fileid="21" />
                <SequencePoint vc="0" uspid="1970" ordinal="29" offset="275" sl="307" sc="22" el="307" ec="34" bec="2" bev="0" fileid="21" />
                <SequencePoint vc="0" uspid="1971" ordinal="30" offset="285" sl="308" sc="17" el="308" ec="18" bec="0" bev="0" fileid="21" />
                <SequencePoint vc="0" uspid="1972" ordinal="31" offset="286" sl="309" sc="21" el="309" ec="72" bec="0" bev="0" fileid="21" />
                <SequencePoint vc="0" uspid="1973" ordinal="32" offset="315" sl="311" sc="17" el="311" ec="18" bec="0" bev="0" fileid="21" />
                <SequencePoint vc="0" uspid="1974" ordinal="33" offset="316" sl="312" sc="17" el="312" ec="22" bec="0" bev="0" fileid="21" />
                <SequencePoint vc="0" uspid="1975" ordinal="34" offset="324" sl="313" sc="13" el="313" ec="14" bec="0" bev="0" fileid="21" />
                <SequencePoint vc="0" uspid="1976" ordinal="35" offset="325" sl="273" sc="13" el="273" ec="27" bec="2" bev="0" fileid="21" />
                <SequencePoint vc="0" uspid="1977" ordinal="36" offset="338" sl="321" sc="9" el="321" ec="10" bec="0" bev="0" fileid="21" />
              </SequencePoints>
              <BranchPoints>
                <BranchPoint vc="0" uspid="1978" ordinal="0" offset="21" sl="275" path="0" offsetend="26" fileid="21" />
                <BranchPoint vc="0" uspid="1979" ordinal="1" offset="21" sl="275" path="1" offsetend="275" fileid="21" />
                <BranchPoint vc="0" uspid="1980" ordinal="2" offset="283" sl="307" path="0" offsetend="285" fileid="21" />
                <BranchPoint vc="0" uspid="1981" ordinal="3" offset="283" sl="307" path="1" offsetend="316" fileid="21" />
                <BranchPoint vc="0" uspid="1982" ordinal="4" offset="333" sl="273" path="0" offsetend="338" fileid="21" />
                <BranchPoint vc="0" uspid="1983" ordinal="5" offset="333" sl="273" path="1" offsetend="14" fileid="21" />
              </BranchPoints>
              <MethodPoint xsi:type="SequencePoint" vc="0" uspid="1941" ordinal="0" offset="0" sl="268" sc="41" el="268" ec="42" bec="0" bev="0" fileid="21" />
            </Method>
            <Method visited="true" cyclomaticComplexity="1" nPathComplexity="0" sequenceCoverage="100" branchCoverage="100" crapScore="1" isConstructor="true" isStatic="false" isGetter="false" isSetter="false">
              <Summary numSequencePoints="1" visitedSequencePoints="1" numBranchPoints="1" visitedBranchPoints="1" sequenceCoverage="100" branchCoverage="100" maxCyclomaticComplexity="1" minCyclomaticComplexity="1" maxCrapScore="1" minCrapScore="1" visitedClasses="0" numClasses="0" visitedMethods="1" numMethods="1" />
              <MetadataToken>100663616</MetadataToken>
              <Name>System.Void FYP1_Module1_Version1._1.Controllers.TestController::.ctor()</Name>
              <FileRef uid="21" />
              <SequencePoints>
                <SequencePoint vc="1" uspid="1984" ordinal="0" offset="0" sl="14" sc="9" el="14" ec="52" bec="0" bev="0" fileid="21" />
              </SequencePoints>
              <BranchPoints />
              <MethodPoint xsi:type="SequencePoint" vc="1" uspid="1984" ordinal="0" offset="0" sl="14" sc="9" el="14" ec="52" bec="0" bev="0" fileid="21" />
            </Method>
          </Methods>
        </Class>
      </Classes>
      <TrackedMethods>
        <TrackedMethod uid="1" token="100663607" name="System.Void FYP1_Module1_Version1._1.Controllers.TestController::RegisterStudentTest()" strategy="NUnitTest" />
        <TrackedMethod uid="2" token="100663608" name="System.Void FYP1_Module1_Version1._1.Controllers.TestController::LoginStudentTest()" strategy="NUnitTest" />
        <TrackedMethod uid="3" token="100663609" name="System.Void FYP1_Module1_Version1._1.Controllers.TestController::addideatest()" strategy="NUnitTest" />
        <TrackedMethod uid="4" token="100663610" name="System.Void FYP1_Module1_Version1._1.Controllers.TestController::milestonetest()" strategy="NUnitTest" />
        <TrackedMethod uid="5" token="100663611" name="System.Void FYP1_Module1_Version1._1.Controllers.TestController::listmilestonetest()" strategy="NUnitTest" />
        <TrackedMethod uid="6" token="100663612" name="System.Void FYP1_Module1_Version1._1.Controllers.TestController::LoginSupervisorTest()" strategy="NUnitTest" />
        <TrackedMethod uid="7" token="100663613" name="System.Void FYP1_Module1_Version1._1.Controllers.TestController::RegisterSupervisorTest()" strategy="NUnitTest" />
        <TrackedMethod uid="8" token="100663614" name="System.Void FYP1_Module1_Version1._1.Controllers.TestController::makegroupTest()" strategy="NUnitTest" />
        <TrackedMethod uid="9" token="100663615" name="System.Void FYP1_Module1_Version1._1.Controllers.TestController::registrationTest1()" strategy="NUnitTest" />
      </TrackedMethods>
    </Module>
  </Modules>
</CoverageSession>